Removed Member From Class: ClassName=MyBus Member=P1
Removed Member From Class: ClassName=MyBus Member=P2
Removed Member From Class: ClassName=MyBus Member=P3
Removed Member From Class: ClassName=MyBus Member=P4
Removed Member From Class: ClassName=MyBus Member=P5
Removed Member From Class: ClassName=MyBus Member=P6
Removed Member From Class: ClassName=MyBus Member=P7
Removed Member From Class: ClassName=MyBus Member=P8
Added Component: Designator=P?(2x11 Pin Header)
Add component. Clean all parameters for all variants
Add component (AddParameter): Name = "Value"; Value = "1x11 Pin Header"; VariantName = "[No Variations]"
Added Component: Designator=P?(2x11 Pin Header)
Add component. Clean all parameters for all variants
Add component (AddParameter): Name = "Value"; Value = "1x11 Pin Header"; VariantName = "[No Variations]"
Added Component: Designator=P?(2x11 Pin Header)
Add component. Clean all parameters for all variants
Add component (AddParameter): Name = "Value"; Value = "1x11 Pin Header"; VariantName = "[No Variations]"
Added Component: Designator=P?(2x11 Pin Header)
Add component. Clean all parameters for all variants
Add component (AddParameter): Name = "Value"; Value = "1x11 Pin Header"; VariantName = "[No Variations]"
Added Component: Designator=P?(2x11 Pin Header)
Add component. Clean all parameters for all variants
Add component (AddParameter): Name = "Value"; Value = "1x11 Pin Header"; VariantName = "[No Variations]"
Added Component: Designator=P?(2x11 Pin Header)
Add component. Clean all parameters for all variants
Add component (AddParameter): Name = "Value"; Value = "1x11 Pin Header"; VariantName = "[No Variations]"
Added Component: Designator=P?(2x11 Pin Header)
Add component. Clean all parameters for all variants
Add component (AddParameter): Name = "Value"; Value = "1x11 Pin Header"; VariantName = "[No Variations]"
Added Component: Designator=P?(2x11 Pin Header)
Add component. Clean all parameters for all variants
Add component (AddParameter): Name = "Value"; Value = "1x11 Pin Header"; VariantName = "[No Variations]"
Added Pin To Net: NetName=NetP?_1 Pin=P?-1
Added Pin To Net: NetName=NetP?_1 Pin=P?-22
Added Net: Name=NetP?_1
Added Pin To Net: NetName=NetP?_2 Pin=P?-2
Added Pin To Net: NetName=NetP?_2 Pin=P?-21
Added Net: Name=NetP?_2
Added Pin To Net: NetName=NetP?_3 Pin=P?-3
Added Pin To Net: NetName=NetP?_3 Pin=P?-20
Added Net: Name=NetP?_3
Added Pin To Net: NetName=NetP?_4 Pin=P?-4
Added Pin To Net: NetName=NetP?_4 Pin=P?-19
Added Net: Name=NetP?_4
Added Pin To Net: NetName=NetP?_5 Pin=P?-5
Added Pin To Net: NetName=NetP?_5 Pin=P?-18
Added Net: Name=NetP?_5
Added Pin To Net: NetName=NetP?_6 Pin=P?-6
Added Pin To Net: NetName=NetP?_6 Pin=P?-17
Added Net: Name=NetP?_6
Added Pin To Net: NetName=NetP?_7 Pin=P?-7
Added Pin To Net: NetName=NetP?_7 Pin=P?-16
Added Net: Name=NetP?_7
Added Pin To Net: NetName=NetP?_8 Pin=P?-8
Added Pin To Net: NetName=NetP?_8 Pin=P?-15
Added Net: Name=NetP?_8
Added Pin To Net: NetName=NetP?_9 Pin=P?-9
Added Pin To Net: NetName=NetP?_9 Pin=P?-14
Added Net: Name=NetP?_9
Added Pin To Net: NetName=NetP?_10 Pin=P?-10
Added Pin To Net: NetName=NetP?_10 Pin=P?-13
Added Net: Name=NetP?_10
Added Pin To Net: NetName=NetP?_11 Pin=P?-11
Added Pin To Net: NetName=NetP?_11 Pin=P?-12
Added Net: Name=NetP?_11
Added Member To Class: ClassName=MyBus Member=Component P? 2x11 Pin Header
Added Member To Class: ClassName=MyBus Member=Component P? 2x11 Pin Header
Added Member To Class: ClassName=MyBus Member=Component P? 2x11 Pin Header
Added Member To Class: ClassName=MyBus Member=Component P? 2x11 Pin Header
Added Member To Class: ClassName=MyBus Member=Component P? 2x11 Pin Header
Added Member To Class: ClassName=MyBus Member=Component P? 2x11 Pin Header
Added Member To Class: ClassName=MyBus Member=Component P? 2x11 Pin Header
Added Member To Class: ClassName=MyBus Member=Component P? 2x11 Pin Header
Added Room: Name=MyBus
