Change Component Designator: OldDesignator=P? NewDesignator=P1
Change Component Designator: OldDesignator=P? NewDesignator=P2
Change Component Designator: OldDesignator=P? NewDesignator=P3
Change Component Designator: OldDesignator=P? NewDesignator=P4
Change Component Designator: OldDesignator=P? NewDesignator=P5
Change Component Designator: OldDesignator=P? NewDesignator=P6
Change Component Designator: OldDesignator=P? NewDesignator=P7
Change Component Designator: OldDesignator=P? NewDesignator=P8
Change Net Name : Old Net Name=NetP?_1 New Net Name=NetP1_22
Change Net Name : Old Net Name=NetP?_2 New Net Name=NetP1_21
Change Net Name : Old Net Name=NetP?_3 New Net Name=NetP1_20
Change Net Name : Old Net Name=NetP?_4 New Net Name=NetP1_19
Change Net Name : Old Net Name=NetP?_5 New Net Name=NetP1_18
Change Net Name : Old Net Name=NetP?_6 New Net Name=NetP1_17
Change Net Name : Old Net Name=NetP?_7 New Net Name=NetP1_16
Change Net Name : Old Net Name=NetP?_8 New Net Name=NetP1_15
Change Net Name : Old Net Name=NetP?_9 New Net Name=NetP1_14
Change Net Name : Old Net Name=NetP?_10 New Net Name=NetP1_13
Change Net Name : Old Net Name=NetP?_11 New Net Name=NetP1_12
Added Pin To Net: NetName=NetP2_12 Pin=P2-12
Added Pin To Net: NetName=NetP2_12 Pin=P3-11
Added Net: Name=NetP2_12
Added Pin To Net: NetName=NetP2_13 Pin=P2-13
Added Pin To Net: NetName=NetP2_13 Pin=P3-10
Added Net: Name=NetP2_13
Added Pin To Net: NetName=NetP2_14 Pin=P2-14
Added Pin To Net: NetName=NetP2_14 Pin=P3-9
Added Net: Name=NetP2_14
Added Pin To Net: NetName=NetP2_15 Pin=P2-15
Added Pin To Net: NetName=NetP2_15 Pin=P3-8
Added Net: Name=NetP2_15
Added Pin To Net: NetName=NetP2_16 Pin=P2-16
Added Pin To Net: NetName=NetP2_16 Pin=P3-7
Added Net: Name=NetP2_16
Added Pin To Net: NetName=NetP2_17 Pin=P2-17
Added Pin To Net: NetName=NetP2_17 Pin=P3-6
Added Net: Name=NetP2_17
Added Pin To Net: NetName=NetP2_18 Pin=P2-18
Added Pin To Net: NetName=NetP2_18 Pin=P3-5
Added Net: Name=NetP2_18
Added Pin To Net: NetName=NetP2_19 Pin=P2-19
Added Pin To Net: NetName=NetP2_19 Pin=P3-4
Added Net: Name=NetP2_19
Added Pin To Net: NetName=NetP2_20 Pin=P2-20
Added Pin To Net: NetName=NetP2_20 Pin=P3-3
Added Net: Name=NetP2_20
Added Pin To Net: NetName=NetP2_21 Pin=P2-21
Added Pin To Net: NetName=NetP2_21 Pin=P3-2
Added Net: Name=NetP2_21
Added Pin To Net: NetName=NetP2_22 Pin=P2-22
Added Pin To Net: NetName=NetP2_22 Pin=P3-1
Added Net: Name=NetP2_22
Added Pin To Net: NetName=NetP3_12 Pin=P3-12
Added Pin To Net: NetName=NetP3_12 Pin=P4-11
Added Net: Name=NetP3_12
Added Pin To Net: NetName=NetP3_13 Pin=P3-13
Added Pin To Net: NetName=NetP3_13 Pin=P4-10
Added Net: Name=NetP3_13
Added Pin To Net: NetName=NetP3_14 Pin=P3-14
Added Pin To Net: NetName=NetP3_14 Pin=P4-9
Added Net: Name=NetP3_14
Added Pin To Net: NetName=NetP3_15 Pin=P3-15
Added Pin To Net: NetName=NetP3_15 Pin=P4-8
Added Net: Name=NetP3_15
Added Pin To Net: NetName=NetP3_16 Pin=P3-16
Added Pin To Net: NetName=NetP3_16 Pin=P4-7
Added Net: Name=NetP3_16
Added Pin To Net: NetName=NetP3_17 Pin=P3-17
Added Pin To Net: NetName=NetP3_17 Pin=P4-6
Added Net: Name=NetP3_17
Added Pin To Net: NetName=NetP3_18 Pin=P3-18
Added Pin To Net: NetName=NetP3_18 Pin=P4-5
Added Net: Name=NetP3_18
Added Pin To Net: NetName=NetP3_19 Pin=P3-19
Added Pin To Net: NetName=NetP3_19 Pin=P4-4
Added Net: Name=NetP3_19
Added Pin To Net: NetName=NetP3_20 Pin=P3-20
Added Pin To Net: NetName=NetP3_20 Pin=P4-3
Added Net: Name=NetP3_20
Added Pin To Net: NetName=NetP3_21 Pin=P3-21
Added Pin To Net: NetName=NetP3_21 Pin=P4-2
Added Net: Name=NetP3_21
Added Pin To Net: NetName=NetP3_22 Pin=P3-22
Added Pin To Net: NetName=NetP3_22 Pin=P4-1
Added Net: Name=NetP3_22
Added Pin To Net: NetName=NetP4_12 Pin=P4-12
Added Pin To Net: NetName=NetP4_12 Pin=P5-11
Added Net: Name=NetP4_12
Added Pin To Net: NetName=NetP4_13 Pin=P4-13
Added Pin To Net: NetName=NetP4_13 Pin=P5-10
Added Net: Name=NetP4_13
Added Pin To Net: NetName=NetP4_14 Pin=P4-14
Added Pin To Net: NetName=NetP4_14 Pin=P5-9
Added Net: Name=NetP4_14
Added Pin To Net: NetName=NetP4_15 Pin=P4-15
Added Pin To Net: NetName=NetP4_15 Pin=P5-8
Added Net: Name=NetP4_15
Added Pin To Net: NetName=NetP4_16 Pin=P4-16
Added Pin To Net: NetName=NetP4_16 Pin=P5-7
Added Net: Name=NetP4_16
Added Pin To Net: NetName=NetP4_17 Pin=P4-17
Added Pin To Net: NetName=NetP4_17 Pin=P5-6
Added Net: Name=NetP4_17
Added Pin To Net: NetName=NetP4_18 Pin=P4-18
Added Pin To Net: NetName=NetP4_18 Pin=P5-5
Added Net: Name=NetP4_18
Added Pin To Net: NetName=NetP4_19 Pin=P4-19
Added Pin To Net: NetName=NetP4_19 Pin=P5-4
Added Net: Name=NetP4_19
Added Pin To Net: NetName=NetP4_20 Pin=P4-20
Added Pin To Net: NetName=NetP4_20 Pin=P5-3
Added Net: Name=NetP4_20
Added Pin To Net: NetName=NetP4_21 Pin=P4-21
Added Pin To Net: NetName=NetP4_21 Pin=P5-2
Added Net: Name=NetP4_21
Added Pin To Net: NetName=NetP4_22 Pin=P4-22
Added Pin To Net: NetName=NetP4_22 Pin=P5-1
Added Net: Name=NetP4_22
Added Pin To Net: NetName=NetP5_12 Pin=P5-12
Added Pin To Net: NetName=NetP5_12 Pin=P6-11
Added Net: Name=NetP5_12
Added Pin To Net: NetName=NetP5_13 Pin=P5-13
Added Pin To Net: NetName=NetP5_13 Pin=P6-10
Added Net: Name=NetP5_13
Added Pin To Net: NetName=NetP5_14 Pin=P5-14
Added Pin To Net: NetName=NetP5_14 Pin=P6-9
Added Net: Name=NetP5_14
Added Pin To Net: NetName=NetP5_15 Pin=P5-15
Added Pin To Net: NetName=NetP5_15 Pin=P6-8
Added Net: Name=NetP5_15
Added Pin To Net: NetName=NetP5_16 Pin=P5-16
Added Pin To Net: NetName=NetP5_16 Pin=P6-7
Added Net: Name=NetP5_16
Added Pin To Net: NetName=NetP5_17 Pin=P5-17
Added Pin To Net: NetName=NetP5_17 Pin=P6-6
Added Net: Name=NetP5_17
Added Pin To Net: NetName=NetP5_18 Pin=P5-18
Added Pin To Net: NetName=NetP5_18 Pin=P6-5
Added Net: Name=NetP5_18
Added Pin To Net: NetName=NetP5_19 Pin=P5-19
Added Pin To Net: NetName=NetP5_19 Pin=P6-4
Added Net: Name=NetP5_19
Added Pin To Net: NetName=NetP5_20 Pin=P5-20
Added Pin To Net: NetName=NetP5_20 Pin=P6-3
Added Net: Name=NetP5_20
Added Pin To Net: NetName=NetP5_21 Pin=P5-21
Added Pin To Net: NetName=NetP5_21 Pin=P6-2
Added Net: Name=NetP5_21
Added Pin To Net: NetName=NetP5_22 Pin=P5-22
Added Pin To Net: NetName=NetP5_22 Pin=P6-1
Added Net: Name=NetP5_22
Added Pin To Net: NetName=NetP6_12 Pin=P6-12
Added Pin To Net: NetName=NetP6_12 Pin=P7-11
Added Net: Name=NetP6_12
Added Pin To Net: NetName=NetP6_13 Pin=P6-13
Added Pin To Net: NetName=NetP6_13 Pin=P7-10
Added Net: Name=NetP6_13
Added Pin To Net: NetName=NetP6_14 Pin=P6-14
Added Pin To Net: NetName=NetP6_14 Pin=P7-9
Added Net: Name=NetP6_14
Added Pin To Net: NetName=NetP6_15 Pin=P6-15
Added Pin To Net: NetName=NetP6_15 Pin=P7-8
Added Net: Name=NetP6_15
Added Pin To Net: NetName=NetP6_16 Pin=P6-16
Added Pin To Net: NetName=NetP6_16 Pin=P7-7
Added Net: Name=NetP6_16
Added Pin To Net: NetName=NetP6_17 Pin=P6-17
Added Pin To Net: NetName=NetP6_17 Pin=P7-6
Added Net: Name=NetP6_17
Added Pin To Net: NetName=NetP6_18 Pin=P6-18
Added Pin To Net: NetName=NetP6_18 Pin=P7-5
Added Net: Name=NetP6_18
Added Pin To Net: NetName=NetP6_19 Pin=P6-19
Added Pin To Net: NetName=NetP6_19 Pin=P7-4
Added Net: Name=NetP6_19
Added Pin To Net: NetName=NetP6_20 Pin=P6-20
Added Pin To Net: NetName=NetP6_20 Pin=P7-3
Added Net: Name=NetP6_20
Added Pin To Net: NetName=NetP6_21 Pin=P6-21
Added Pin To Net: NetName=NetP6_21 Pin=P7-2
Added Net: Name=NetP6_21
Added Pin To Net: NetName=NetP6_22 Pin=P6-22
Added Pin To Net: NetName=NetP6_22 Pin=P7-1
Added Net: Name=NetP6_22
Added Pin To Net: NetName=NetP7_12 Pin=P7-12
Added Pin To Net: NetName=NetP7_12 Pin=P8-11
Added Net: Name=NetP7_12
Added Pin To Net: NetName=NetP7_13 Pin=P7-13
Added Pin To Net: NetName=NetP7_13 Pin=P8-10
Added Net: Name=NetP7_13
Added Pin To Net: NetName=NetP7_14 Pin=P7-14
Added Pin To Net: NetName=NetP7_14 Pin=P8-9
Added Net: Name=NetP7_14
Added Pin To Net: NetName=NetP7_15 Pin=P7-15
Added Pin To Net: NetName=NetP7_15 Pin=P8-8
Added Net: Name=NetP7_15
Added Pin To Net: NetName=NetP7_16 Pin=P7-16
Added Pin To Net: NetName=NetP7_16 Pin=P8-7
Added Net: Name=NetP7_16
Added Pin To Net: NetName=NetP7_17 Pin=P7-17
Added Pin To Net: NetName=NetP7_17 Pin=P8-6
Added Net: Name=NetP7_17
Added Pin To Net: NetName=NetP7_18 Pin=P7-18
Added Pin To Net: NetName=NetP7_18 Pin=P8-5
Added Net: Name=NetP7_18
Added Pin To Net: NetName=NetP7_19 Pin=P7-19
Added Pin To Net: NetName=NetP7_19 Pin=P8-4
Added Net: Name=NetP7_19
Added Pin To Net: NetName=NetP7_20 Pin=P7-20
Added Pin To Net: NetName=NetP7_20 Pin=P8-3
Added Net: Name=NetP7_20
Added Pin To Net: NetName=NetP7_21 Pin=P7-21
Added Pin To Net: NetName=NetP7_21 Pin=P8-2
Added Net: Name=NetP7_21
Added Pin To Net: NetName=NetP7_22 Pin=P7-22
Added Pin To Net: NetName=NetP7_22 Pin=P8-1
Added Net: Name=NetP7_22
Added Member To Class: ClassName=MyBus Member=Component P1 2x11 Pin Header
Added Member To Class: ClassName=MyBus Member=Component P2 2x11 Pin Header
Added Member To Class: ClassName=MyBus Member=Component P3 2x11 Pin Header
Added Member To Class: ClassName=MyBus Member=Component P4 2x11 Pin Header
Added Member To Class: ClassName=MyBus Member=Component P5 2x11 Pin Header
Added Member To Class: ClassName=MyBus Member=Component P6 2x11 Pin Header
Added Member To Class: ClassName=MyBus Member=Component P8 2x11 Pin Header
