Removed Pin From Net: NetName=NetP1_12 Pin=P1-12
Removed Pin From Net: NetName=NetP1_13 Pin=P1-13
Removed Pin From Net: NetName=NetP1_14 Pin=P1-14
Removed Pin From Net: NetName=NetP1_15 Pin=P1-15
Removed Pin From Net: NetName=NetP1_16 Pin=P1-16
Removed Pin From Net: NetName=NetP1_17 Pin=P1-17
Removed Pin From Net: NetName=NetP1_18 Pin=P1-18
Removed Pin From Net: NetName=NetP1_19 Pin=P1-19
Removed Pin From Net: NetName=NetP1_20 Pin=P1-20
Removed Pin From Net: NetName=NetP1_20 Pin=P2-3
Removed Pin From Net: NetName=NetP1_19 Pin=P2-4
Removed Pin From Net: NetName=NetP1_18 Pin=P2-5
Removed Pin From Net: NetName=NetP1_17 Pin=P2-6
Removed Pin From Net: NetName=NetP1_16 Pin=P2-7
Removed Pin From Net: NetName=NetP1_15 Pin=P2-8
Removed Pin From Net: NetName=NetP1_14 Pin=P2-9
Removed Pin From Net: NetName=NetP1_13 Pin=P2-10
Removed Pin From Net: NetName=NetP1_12 Pin=P2-11
Removed Member From Class: ClassName=MyBus Member=P1
Removed Member From Class: ClassName=MyBus Member=P2
Removed Member From Class: ClassName=MyBus Member=P3
Removed Member From Class: ClassName=MyBus Member=P4
Removed Member From Class: ClassName=MyBus Member=P5
Removed Member From Class: ClassName=MyBus Member=P6
Removed Member From Class: ClassName=MyBus Member=P8
Added Component: Designator=U1(1x19FEMALEHEADER)
Add component. Clean all parameters for all variants
Added Component: Designator=U2(1x19FEMALEHEADER)
Add component. Clean all parameters for all variants
Added Component: Designator=U3(1x19FEMALEHEADER)
Add component. Clean all parameters for all variants
Added Component: Designator=U4(1x19FEMALEHEADER)
Add component. Clean all parameters for all variants
Added Component: Designator=U5(1x19FEMALEHEADER)
Add component. Clean all parameters for all variants
Added Component: Designator=U6(1x19FEMALEHEADER)
Add component. Clean all parameters for all variants
Added Component: Designator=U7(1x19FEMALEHEADER)
Add component. Clean all parameters for all variants
Added Component: Designator=U8(1x19FEMALEHEADER)
Add component. Clean all parameters for all variants
Added Component: Designator=U9(1x19FEMALEHEADER)
Add component. Clean all parameters for all variants
Added Component: Designator=U10(1x19FEMALEHEADER)
Add component. Clean all parameters for all variants
Added Pin To Net: NetName=NetP1_20 Pin=U1-1
Added Pin To Net: NetName=NetP1_19 Pin=U1-2
Added Pin To Net: NetName=NetP1_18 Pin=U1-3
Added Pin To Net: NetName=NetP1_17 Pin=U1-4
Added Pin To Net: NetName=NetP1_16 Pin=U1-5
Added Pin To Net: NetName=NetP1_15 Pin=U1-6
Added Pin To Net: NetName=NetP1_14 Pin=U1-7
Added Pin To Net: NetName=NetP1_13 Pin=U1-8
Added Pin To Net: NetName=NetP1_12 Pin=U1-9
Added Pin To Net: NetName=NetP1_20 Pin=U2-1
Added Pin To Net: NetName=NetP1_19 Pin=U2-2
Added Pin To Net: NetName=NetP1_18 Pin=U2-3
Added Pin To Net: NetName=NetP1_17 Pin=U2-4
Added Pin To Net: NetName=NetP1_16 Pin=U2-5
Added Pin To Net: NetName=NetP1_15 Pin=U2-6
Added Pin To Net: NetName=NetP1_14 Pin=U2-7
Added Pin To Net: NetName=NetP1_13 Pin=U2-8
Added Pin To Net: NetName=NetP1_12 Pin=U2-9
Added Pin To Net: NetName=NetP1_20 Pin=U3-1
Added Pin To Net: NetName=NetP1_19 Pin=U3-2
Added Pin To Net: NetName=NetP1_18 Pin=U3-3
Added Pin To Net: NetName=NetP1_17 Pin=U3-4
Added Pin To Net: NetName=NetP1_16 Pin=U3-5
Added Pin To Net: NetName=NetP1_15 Pin=U3-6
Added Pin To Net: NetName=NetP1_14 Pin=U3-7
Added Pin To Net: NetName=NetP1_13 Pin=U3-8
Added Pin To Net: NetName=NetP1_12 Pin=U3-9
Added Pin To Net: NetName=NetP1_20 Pin=U4-1
Added Pin To Net: NetName=NetP1_19 Pin=U4-2
Added Pin To Net: NetName=NetP1_18 Pin=U4-3
Added Pin To Net: NetName=NetP1_17 Pin=U4-4
Added Pin To Net: NetName=NetP1_16 Pin=U4-5
Added Pin To Net: NetName=NetP1_15 Pin=U4-6
Added Pin To Net: NetName=NetP1_14 Pin=U4-7
Added Pin To Net: NetName=NetP1_13 Pin=U4-8
Added Pin To Net: NetName=NetP1_12 Pin=U4-9
Added Pin To Net: NetName=NetP1_20 Pin=U5-1
Added Pin To Net: NetName=NetP1_19 Pin=U5-2
Added Pin To Net: NetName=NetP1_18 Pin=U5-3
Added Pin To Net: NetName=NetP1_17 Pin=U5-4
Added Pin To Net: NetName=NetP1_16 Pin=U5-5
Added Pin To Net: NetName=NetP1_15 Pin=U5-6
Added Pin To Net: NetName=NetP1_14 Pin=U5-7
Added Pin To Net: NetName=NetP1_13 Pin=U5-8
Added Pin To Net: NetName=NetP1_12 Pin=U5-9
Added Pin To Net: NetName=NetP1_20 Pin=U6-1
Added Pin To Net: NetName=NetP1_19 Pin=U6-2
Added Pin To Net: NetName=NetP1_18 Pin=U6-3
Added Pin To Net: NetName=NetP1_17 Pin=U6-4
Added Pin To Net: NetName=NetP1_16 Pin=U6-5
Added Pin To Net: NetName=NetP1_15 Pin=U6-6
Added Pin To Net: NetName=NetP1_14 Pin=U6-7
Added Pin To Net: NetName=NetP1_13 Pin=U6-8
Added Pin To Net: NetName=NetP1_12 Pin=U6-9
Added Pin To Net: NetName=NetP1_20 Pin=U7-1
Added Pin To Net: NetName=NetP1_19 Pin=U7-2
Added Pin To Net: NetName=NetP1_18 Pin=U7-3
Added Pin To Net: NetName=NetP1_17 Pin=U7-4
Added Pin To Net: NetName=NetP1_16 Pin=U7-5
Added Pin To Net: NetName=NetP1_15 Pin=U7-6
Added Pin To Net: NetName=NetP1_14 Pin=U7-7
Added Pin To Net: NetName=NetP1_13 Pin=U7-8
Added Pin To Net: NetName=NetP1_12 Pin=U7-9
Added Pin To Net: NetName=NetP1_20 Pin=U8-1
Added Pin To Net: NetName=NetP1_19 Pin=U8-2
Added Pin To Net: NetName=NetP1_18 Pin=U8-3
Added Pin To Net: NetName=NetP1_17 Pin=U8-4
Added Pin To Net: NetName=NetP1_16 Pin=U8-5
Added Pin To Net: NetName=NetP1_15 Pin=U8-6
Added Pin To Net: NetName=NetP1_14 Pin=U8-7
Added Pin To Net: NetName=NetP1_13 Pin=U8-8
Added Pin To Net: NetName=NetP1_12 Pin=U8-9
Added Pin To Net: NetName=NetP1_20 Pin=U9-1
Added Pin To Net: NetName=NetP1_19 Pin=U9-2
Added Pin To Net: NetName=NetP1_18 Pin=U9-3
Added Pin To Net: NetName=NetP1_17 Pin=U9-4
Added Pin To Net: NetName=NetP1_16 Pin=U9-5
Added Pin To Net: NetName=NetP1_15 Pin=U9-6
Added Pin To Net: NetName=NetP1_14 Pin=U9-7
Added Pin To Net: NetName=NetP1_13 Pin=U9-8
Added Pin To Net: NetName=NetP1_12 Pin=U9-9
Added Pin To Net: NetName=NetP1_20 Pin=U10-1
Added Pin To Net: NetName=NetP1_19 Pin=U10-2
Added Pin To Net: NetName=NetP1_18 Pin=U10-3
Added Pin To Net: NetName=NetP1_17 Pin=U10-4
Added Pin To Net: NetName=NetP1_16 Pin=U10-5
Added Pin To Net: NetName=NetP1_15 Pin=U10-6
Added Pin To Net: NetName=NetP1_14 Pin=U10-7
Added Pin To Net: NetName=NetP1_13 Pin=U10-8
Added Pin To Net: NetName=NetP1_12 Pin=U10-9
Change Net Name : Old Net Name=NetP1_12 New Net Name=Bus1Pin8
Change Net Name : Old Net Name=NetP1_13 New Net Name=Bus1Pin7
Change Net Name : Old Net Name=NetP1_14 New Net Name=Bus1Pin6
Change Net Name : Old Net Name=NetP1_15 New Net Name=Bus1Pin5
Change Net Name : Old Net Name=NetP1_16 New Net Name=Bus1Pin4
Change Net Name : Old Net Name=NetP1_17 New Net Name=Bus1Pin3
Change Net Name : Old Net Name=NetP1_18 New Net Name=Bus1Pin2
Change Net Name : Old Net Name=NetP1_19 New Net Name=Bus1Pin1
Change Net Name : Old Net Name=NetP1_20 New Net Name=Bus1Pin0
Added Member To Class: ClassName=MyBus Member=Component U1 ETF 9 pin female socket
Added Member To Class: ClassName=MyBus Member=Component U2 ETF 9 pin female socket
Added Member To Class: ClassName=MyBus Member=Component U3 ETF 9 pin female socket
Added Member To Class: ClassName=MyBus Member=Component U4 ETF 9 pin female socket
Added Member To Class: ClassName=MyBus Member=Component U5 ETF 9 pin female socket
Added Member To Class: ClassName=MyBus Member=Component U6 ETF 9 pin female socket
Added Member To Class: ClassName=MyBus Member=Component U7 ETF 9 pin female socket
Added Member To Class: ClassName=MyBus Member=Component U8 ETF 9 pin female socket
Added Member To Class: ClassName=MyBus Member=Component U9 ETF 9 pin female socket
Added Member To Class: ClassName=MyBus Member=Component U10 ETF 9 pin female socket
Added Room: Name=MyBus
