Added Component: Designator=P1(M50-4901045)
Add component. Clean all parameters for all variants
Add component (AddParameter): Name = "Farnell"; Value = "1099539"; VariantName = "[No Variations]"
Add component (AddParameter): Name = "Value"; Value = "2x10 Mount Header, 1.27mm"; VariantName = "[No Variations]"
Added Component: Designator=P2(M50-4901045)
Add component. Clean all parameters for all variants
Add component (AddParameter): Name = "Farnell"; Value = "1099539"; VariantName = "[No Variations]"
Add component (AddParameter): Name = "Value"; Value = "2x10 Mount Header, 1.27mm"; VariantName = "[No Variations]"
Added Component: Designator=P3(M50-4901045)
Add component. Clean all parameters for all variants
Add component (AddParameter): Name = "Farnell"; Value = "1099539"; VariantName = "[No Variations]"
Add component (AddParameter): Name = "Value"; Value = "2x10 Mount Header, 1.27mm"; VariantName = "[No Variations]"
Added Component: Designator=P4(M50-4901045)
Add component. Clean all parameters for all variants
Add component (AddParameter): Name = "Farnell"; Value = "1099539"; VariantName = "[No Variations]"
Add component (AddParameter): Name = "Value"; Value = "2x10 Mount Header, 1.27mm"; VariantName = "[No Variations]"
Added Component: Designator=P5(M50-4901045)
Add component. Clean all parameters for all variants
Add component (AddParameter): Name = "Farnell"; Value = "1099539"; VariantName = "[No Variations]"
Add component (AddParameter): Name = "Value"; Value = "2x10 Mount Header, 1.27mm"; VariantName = "[No Variations]"
Added Component: Designator=P6(M50-4901045)
Add component. Clean all parameters for all variants
Add component (AddParameter): Name = "Farnell"; Value = "1099539"; VariantName = "[No Variations]"
Add component (AddParameter): Name = "Value"; Value = "2x10 Mount Header, 1.27mm"; VariantName = "[No Variations]"
Added Component: Designator=P7(M50-4901045)
Add component. Clean all parameters for all variants
Add component (AddParameter): Name = "Farnell"; Value = "1099539"; VariantName = "[No Variations]"
Add component (AddParameter): Name = "Value"; Value = "2x10 Mount Header, 1.27mm"; VariantName = "[No Variations]"
Added Component: Designator=P8(M50-4901045)
Add component. Clean all parameters for all variants
Add component (AddParameter): Name = "Farnell"; Value = "1099539"; VariantName = "[No Variations]"
Add component (AddParameter): Name = "Value"; Value = "2x10 Mount Header, 1.27mm"; VariantName = "[No Variations]"
Added Pin To Net: NetName=NetP1_11 Pin=P1-11
Added Pin To Net: NetName=NetP1_11 Pin=P2-10
Added Net: Name=NetP1_11
Added Pin To Net: NetName=NetP1_12 Pin=P1-12
Added Pin To Net: NetName=NetP1_12 Pin=P2-9
Added Net: Name=NetP1_12
Added Pin To Net: NetName=NetP1_13 Pin=P1-13
Added Pin To Net: NetName=NetP1_13 Pin=P2-8
Added Net: Name=NetP1_13
Added Pin To Net: NetName=NetP1_14 Pin=P1-14
Added Pin To Net: NetName=NetP1_14 Pin=P2-7
Added Net: Name=NetP1_14
Added Pin To Net: NetName=NetP1_15 Pin=P1-15
Added Pin To Net: NetName=NetP1_15 Pin=P2-6
Added Net: Name=NetP1_15
Added Pin To Net: NetName=NetP1_16 Pin=P1-16
Added Pin To Net: NetName=NetP1_16 Pin=P2-5
Added Net: Name=NetP1_16
Added Pin To Net: NetName=NetP1_17 Pin=P1-17
Added Pin To Net: NetName=NetP1_17 Pin=P2-4
Added Net: Name=NetP1_17
Added Pin To Net: NetName=NetP1_18 Pin=P1-18
Added Pin To Net: NetName=NetP1_18 Pin=P2-3
Added Net: Name=NetP1_18
Added Pin To Net: NetName=NetP1_19 Pin=P1-19
Added Pin To Net: NetName=NetP1_19 Pin=P2-2
Added Net: Name=NetP1_19
Added Pin To Net: NetName=NetP1_20 Pin=P1-20
Added Pin To Net: NetName=NetP1_20 Pin=P2-1
Added Net: Name=NetP1_20
Added Pin To Net: NetName=NetP2_11 Pin=P2-11
Added Pin To Net: NetName=NetP2_11 Pin=P3-10
Added Net: Name=NetP2_11
Added Pin To Net: NetName=NetP2_12 Pin=P2-12
Added Pin To Net: NetName=NetP2_12 Pin=P3-9
Added Net: Name=NetP2_12
Added Pin To Net: NetName=NetP2_13 Pin=P2-13
Added Pin To Net: NetName=NetP2_13 Pin=P3-8
Added Net: Name=NetP2_13
Added Pin To Net: NetName=NetP2_14 Pin=P2-14
Added Pin To Net: NetName=NetP2_14 Pin=P3-7
Added Net: Name=NetP2_14
Added Pin To Net: NetName=NetP2_15 Pin=P2-15
Added Pin To Net: NetName=NetP2_15 Pin=P3-6
Added Net: Name=NetP2_15
Added Pin To Net: NetName=NetP2_16 Pin=P2-16
Added Pin To Net: NetName=NetP2_16 Pin=P3-5
Added Net: Name=NetP2_16
Added Pin To Net: NetName=NetP2_17 Pin=P2-17
Added Pin To Net: NetName=NetP2_17 Pin=P3-4
Added Net: Name=NetP2_17
Added Pin To Net: NetName=NetP2_18 Pin=P2-18
Added Pin To Net: NetName=NetP2_18 Pin=P3-3
Added Net: Name=NetP2_18
Added Pin To Net: NetName=NetP2_19 Pin=P2-19
Added Pin To Net: NetName=NetP2_19 Pin=P3-2
Added Net: Name=NetP2_19
Added Pin To Net: NetName=NetP2_20 Pin=P2-20
Added Pin To Net: NetName=NetP2_20 Pin=P3-1
Added Net: Name=NetP2_20
Added Pin To Net: NetName=NetP3_11 Pin=P3-11
Added Pin To Net: NetName=NetP3_11 Pin=P4-10
Added Net: Name=NetP3_11
Added Pin To Net: NetName=NetP3_12 Pin=P3-12
Added Pin To Net: NetName=NetP3_12 Pin=P4-9
Added Net: Name=NetP3_12
Added Pin To Net: NetName=NetP3_13 Pin=P3-13
Added Pin To Net: NetName=NetP3_13 Pin=P4-8
Added Net: Name=NetP3_13
Added Pin To Net: NetName=NetP3_14 Pin=P3-14
Added Pin To Net: NetName=NetP3_14 Pin=P4-7
Added Net: Name=NetP3_14
Added Pin To Net: NetName=NetP3_15 Pin=P3-15
Added Pin To Net: NetName=NetP3_15 Pin=P4-6
Added Net: Name=NetP3_15
Added Pin To Net: NetName=NetP3_16 Pin=P3-16
Added Pin To Net: NetName=NetP3_16 Pin=P4-5
Added Net: Name=NetP3_16
Added Pin To Net: NetName=NetP3_17 Pin=P3-17
Added Pin To Net: NetName=NetP3_17 Pin=P4-4
Added Net: Name=NetP3_17
Added Pin To Net: NetName=NetP3_18 Pin=P3-18
Added Pin To Net: NetName=NetP3_18 Pin=P4-3
Added Net: Name=NetP3_18
Added Pin To Net: NetName=NetP3_19 Pin=P3-19
Added Pin To Net: NetName=NetP3_19 Pin=P4-2
Added Net: Name=NetP3_19
Added Pin To Net: NetName=NetP3_20 Pin=P3-20
Added Pin To Net: NetName=NetP3_20 Pin=P4-1
Added Net: Name=NetP3_20
Added Pin To Net: NetName=NetP4_11 Pin=P4-11
Added Pin To Net: NetName=NetP4_11 Pin=P5-10
Added Net: Name=NetP4_11
Added Pin To Net: NetName=NetP4_12 Pin=P4-12
Added Pin To Net: NetName=NetP4_12 Pin=P5-9
Added Net: Name=NetP4_12
Added Pin To Net: NetName=NetP4_13 Pin=P4-13
Added Pin To Net: NetName=NetP4_13 Pin=P5-8
Added Net: Name=NetP4_13
Added Pin To Net: NetName=NetP4_14 Pin=P4-14
Added Pin To Net: NetName=NetP4_14 Pin=P5-7
Added Net: Name=NetP4_14
Added Pin To Net: NetName=NetP4_15 Pin=P4-15
Added Pin To Net: NetName=NetP4_15 Pin=P5-6
Added Net: Name=NetP4_15
Added Pin To Net: NetName=NetP4_16 Pin=P4-16
Added Pin To Net: NetName=NetP4_16 Pin=P5-5
Added Net: Name=NetP4_16
Added Pin To Net: NetName=NetP4_17 Pin=P4-17
Added Pin To Net: NetName=NetP4_17 Pin=P5-4
Added Net: Name=NetP4_17
Added Pin To Net: NetName=NetP4_18 Pin=P4-18
Added Pin To Net: NetName=NetP4_18 Pin=P5-3
Added Net: Name=NetP4_18
Added Pin To Net: NetName=NetP4_19 Pin=P4-19
Added Pin To Net: NetName=NetP4_19 Pin=P5-2
Added Net: Name=NetP4_19
Added Pin To Net: NetName=NetP4_20 Pin=P4-20
Added Pin To Net: NetName=NetP4_20 Pin=P5-1
Added Net: Name=NetP4_20
Added Pin To Net: NetName=NetP5_11 Pin=P5-11
Added Pin To Net: NetName=NetP5_11 Pin=P6-10
Added Net: Name=NetP5_11
Added Pin To Net: NetName=NetP5_12 Pin=P5-12
Added Pin To Net: NetName=NetP5_12 Pin=P6-9
Added Net: Name=NetP5_12
Added Pin To Net: NetName=NetP5_13 Pin=P5-13
Added Pin To Net: NetName=NetP5_13 Pin=P6-8
Added Net: Name=NetP5_13
Added Pin To Net: NetName=NetP5_14 Pin=P5-14
Added Pin To Net: NetName=NetP5_14 Pin=P6-7
Added Net: Name=NetP5_14
Added Pin To Net: NetName=NetP5_15 Pin=P5-15
Added Pin To Net: NetName=NetP5_15 Pin=P6-6
Added Net: Name=NetP5_15
Added Pin To Net: NetName=NetP5_16 Pin=P5-16
Added Pin To Net: NetName=NetP5_16 Pin=P6-5
Added Net: Name=NetP5_16
Added Pin To Net: NetName=NetP5_17 Pin=P5-17
Added Pin To Net: NetName=NetP5_17 Pin=P6-4
Added Net: Name=NetP5_17
Added Pin To Net: NetName=NetP5_18 Pin=P5-18
Added Pin To Net: NetName=NetP5_18 Pin=P6-3
Added Net: Name=NetP5_18
Added Pin To Net: NetName=NetP5_19 Pin=P5-19
Added Pin To Net: NetName=NetP5_19 Pin=P6-2
Added Net: Name=NetP5_19
Added Pin To Net: NetName=NetP5_20 Pin=P5-20
Added Pin To Net: NetName=NetP5_20 Pin=P6-1
Added Net: Name=NetP5_20
Added Pin To Net: NetName=NetP6_11 Pin=P6-11
Added Pin To Net: NetName=NetP6_11 Pin=P7-10
Added Net: Name=NetP6_11
Added Pin To Net: NetName=NetP6_12 Pin=P6-12
Added Pin To Net: NetName=NetP6_12 Pin=P7-9
Added Net: Name=NetP6_12
Added Pin To Net: NetName=NetP6_13 Pin=P6-13
Added Pin To Net: NetName=NetP6_13 Pin=P7-8
Added Net: Name=NetP6_13
Added Pin To Net: NetName=NetP6_14 Pin=P6-14
Added Pin To Net: NetName=NetP6_14 Pin=P7-7
Added Net: Name=NetP6_14
Added Pin To Net: NetName=NetP6_15 Pin=P6-15
Added Pin To Net: NetName=NetP6_15 Pin=P7-6
Added Net: Name=NetP6_15
Added Pin To Net: NetName=NetP6_16 Pin=P6-16
Added Pin To Net: NetName=NetP6_16 Pin=P7-5
Added Net: Name=NetP6_16
Added Pin To Net: NetName=NetP6_17 Pin=P6-17
Added Pin To Net: NetName=NetP6_17 Pin=P7-4
Added Net: Name=NetP6_17
Added Pin To Net: NetName=NetP6_18 Pin=P6-18
Added Pin To Net: NetName=NetP6_18 Pin=P7-3
Added Net: Name=NetP6_18
Added Pin To Net: NetName=NetP6_19 Pin=P6-19
Added Pin To Net: NetName=NetP6_19 Pin=P7-2
Added Net: Name=NetP6_19
Added Pin To Net: NetName=NetP6_20 Pin=P6-20
Added Pin To Net: NetName=NetP6_20 Pin=P7-1
Added Net: Name=NetP6_20
Added Pin To Net: NetName=NetP7_11 Pin=P7-11
Added Pin To Net: NetName=NetP7_11 Pin=P8-10
Added Net: Name=NetP7_11
Added Pin To Net: NetName=NetP7_12 Pin=P7-12
Added Pin To Net: NetName=NetP7_12 Pin=P8-9
Added Net: Name=NetP7_12
Added Pin To Net: NetName=NetP7_13 Pin=P7-13
Added Pin To Net: NetName=NetP7_13 Pin=P8-8
Added Net: Name=NetP7_13
Added Pin To Net: NetName=NetP7_14 Pin=P7-14
Added Pin To Net: NetName=NetP7_14 Pin=P8-7
Added Net: Name=NetP7_14
Added Pin To Net: NetName=NetP7_15 Pin=P7-15
Added Pin To Net: NetName=NetP7_15 Pin=P8-6
Added Net: Name=NetP7_15
Added Pin To Net: NetName=NetP7_16 Pin=P7-16
Added Pin To Net: NetName=NetP7_16 Pin=P8-5
Added Net: Name=NetP7_16
Added Pin To Net: NetName=NetP7_17 Pin=P7-17
Added Pin To Net: NetName=NetP7_17 Pin=P8-4
Added Net: Name=NetP7_17
Added Pin To Net: NetName=NetP7_18 Pin=P7-18
Added Pin To Net: NetName=NetP7_18 Pin=P8-3
Added Net: Name=NetP7_18
Added Pin To Net: NetName=NetP7_19 Pin=P7-19
Added Pin To Net: NetName=NetP7_19 Pin=P8-2
Added Net: Name=NetP7_19
Added Pin To Net: NetName=NetP7_20 Pin=P7-20
Added Pin To Net: NetName=NetP7_20 Pin=P8-1
Added Net: Name=NetP7_20
Added Class: Name=MyBus
Added Room: Name=MyBus
