Removed Pin From Net: NetName=Bus1Pin1 Pin=P15-1
Removed Pin From Net: NetName=Bus1Pin2 Pin=P15-2
Removed Pin From Net: NetName=Bus1Pin3 Pin=P15-3
Removed Pin From Net: NetName=Bus1Pin4 Pin=P15-4
Removed Pin From Net: NetName=Bus1Pin5 Pin=P15-5
Removed Pin From Net: NetName=Bus1Pin6 Pin=P15-6
Removed Pin From Net: NetName=Bus1Pin7 Pin=P15-7
Removed Pin From Net: NetName=Bus1Pin8 Pin=P15-8
Removed Pin From Net: NetName=Bus1Pin8 Pin=P15-9
Removed Pin From Net: NetName=Bus1Pin7 Pin=P15-10
Removed Pin From Net: NetName=Bus1Pin6 Pin=P15-11
Removed Pin From Net: NetName=Bus1Pin5 Pin=P15-12
Removed Pin From Net: NetName=Bus1Pin4 Pin=P15-13
Removed Pin From Net: NetName=Bus1Pin3 Pin=P15-14
Removed Pin From Net: NetName=Bus1Pin2 Pin=P15-15
Removed Pin From Net: NetName=Bus1Pin1 Pin=P15-16
Removed Pin From Net: NetName=Bus1Pin1 Pin=P16-1
Removed Pin From Net: NetName=Bus1Pin2 Pin=P16-2
Removed Pin From Net: NetName=Bus1Pin3 Pin=P16-3
Removed Pin From Net: NetName=Bus1Pin4 Pin=P16-4
Removed Pin From Net: NetName=Bus1Pin5 Pin=P16-5
Removed Pin From Net: NetName=Bus1Pin6 Pin=P16-6
Removed Pin From Net: NetName=Bus1Pin7 Pin=P16-7
Removed Pin From Net: NetName=Bus1Pin8 Pin=P16-8
Removed Pin From Net: NetName=Bus1Pin8 Pin=P16-9
Removed Pin From Net: NetName=Bus1Pin7 Pin=P16-10
Removed Pin From Net: NetName=Bus1Pin6 Pin=P16-11
Removed Pin From Net: NetName=Bus1Pin5 Pin=P16-12
Removed Pin From Net: NetName=Bus1Pin4 Pin=P16-13
Removed Pin From Net: NetName=Bus1Pin3 Pin=P16-14
Removed Pin From Net: NetName=Bus1Pin2 Pin=P16-15
Removed Pin From Net: NetName=Bus1Pin1 Pin=P16-16
Removed Pin From Net: NetName=Bus1Pin1 Pin=P17-1
Removed Pin From Net: NetName=Bus1Pin2 Pin=P17-2
Removed Pin From Net: NetName=Bus1Pin3 Pin=P17-3
Removed Pin From Net: NetName=Bus1Pin4 Pin=P17-4
Removed Pin From Net: NetName=Bus1Pin5 Pin=P17-5
Removed Pin From Net: NetName=Bus1Pin6 Pin=P17-6
Removed Pin From Net: NetName=Bus1Pin7 Pin=P17-7
Removed Pin From Net: NetName=Bus1Pin8 Pin=P17-8
Removed Pin From Net: NetName=Bus1Pin8 Pin=P17-9
Removed Pin From Net: NetName=Bus1Pin7 Pin=P17-10
Removed Pin From Net: NetName=Bus1Pin6 Pin=P17-11
Removed Pin From Net: NetName=Bus1Pin5 Pin=P17-12
Removed Pin From Net: NetName=Bus1Pin4 Pin=P17-13
Removed Pin From Net: NetName=Bus1Pin3 Pin=P17-14
Removed Pin From Net: NetName=Bus1Pin2 Pin=P17-15
Removed Pin From Net: NetName=Bus1Pin1 Pin=P17-16
Removed Pin From Net: NetName=Bus1Pin1 Pin=P18-1
Removed Pin From Net: NetName=Bus1Pin2 Pin=P18-2
Removed Pin From Net: NetName=Bus1Pin3 Pin=P18-3
Removed Pin From Net: NetName=Bus1Pin4 Pin=P18-4
Removed Pin From Net: NetName=Bus1Pin5 Pin=P18-5
Removed Pin From Net: NetName=Bus1Pin6 Pin=P18-6
Removed Pin From Net: NetName=Bus1Pin7 Pin=P18-7
Removed Pin From Net: NetName=Bus1Pin8 Pin=P18-8
Removed Pin From Net: NetName=Bus1Pin8 Pin=P18-9
Removed Pin From Net: NetName=Bus1Pin7 Pin=P18-10
Removed Pin From Net: NetName=Bus1Pin6 Pin=P18-11
Removed Pin From Net: NetName=Bus1Pin5 Pin=P18-12
Removed Pin From Net: NetName=Bus1Pin4 Pin=P18-13
Removed Pin From Net: NetName=Bus1Pin3 Pin=P18-14
Removed Pin From Net: NetName=Bus1Pin2 Pin=P18-15
Removed Pin From Net: NetName=Bus1Pin1 Pin=P18-16
Removed Pin From Net: NetName=Bus1Pin1 Pin=P19-1
Removed Pin From Net: NetName=Bus1Pin2 Pin=P19-2
Removed Pin From Net: NetName=Bus1Pin3 Pin=P19-3
Removed Pin From Net: NetName=Bus1Pin4 Pin=P19-4
Removed Pin From Net: NetName=Bus1Pin5 Pin=P19-5
Removed Pin From Net: NetName=Bus1Pin6 Pin=P19-6
Removed Pin From Net: NetName=Bus1Pin7 Pin=P19-7
Removed Pin From Net: NetName=Bus1Pin8 Pin=P19-8
Removed Pin From Net: NetName=Bus1Pin8 Pin=P19-9
Removed Pin From Net: NetName=Bus1Pin7 Pin=P19-10
Removed Pin From Net: NetName=Bus1Pin6 Pin=P19-11
Removed Pin From Net: NetName=Bus1Pin5 Pin=P19-12
Removed Pin From Net: NetName=Bus1Pin4 Pin=P19-13
Removed Pin From Net: NetName=Bus1Pin3 Pin=P19-14
Removed Pin From Net: NetName=Bus1Pin2 Pin=P19-15
Removed Pin From Net: NetName=Bus1Pin1 Pin=P19-16
Removed Pin From Net: NetName=Bus1Pin1 Pin=P20-1
Removed Pin From Net: NetName=Bus1Pin2 Pin=P20-2
Removed Pin From Net: NetName=Bus1Pin3 Pin=P20-3
Removed Pin From Net: NetName=Bus1Pin4 Pin=P20-4
Removed Pin From Net: NetName=Bus1Pin5 Pin=P20-5
Removed Pin From Net: NetName=Bus1Pin6 Pin=P20-6
Removed Pin From Net: NetName=Bus1Pin7 Pin=P20-7
Removed Pin From Net: NetName=Bus1Pin8 Pin=P20-8
Removed Pin From Net: NetName=Bus1Pin8 Pin=P20-9
Removed Pin From Net: NetName=Bus1Pin7 Pin=P20-10
Removed Pin From Net: NetName=Bus1Pin6 Pin=P20-11
Removed Pin From Net: NetName=Bus1Pin5 Pin=P20-12
Removed Pin From Net: NetName=Bus1Pin4 Pin=P20-13
Removed Pin From Net: NetName=Bus1Pin3 Pin=P20-14
Removed Pin From Net: NetName=Bus1Pin2 Pin=P20-15
Removed Pin From Net: NetName=Bus1Pin1 Pin=P20-16
Removed Pin From Net: NetName=Bus1Pin1 Pin=P21-1
Removed Pin From Net: NetName=Bus1Pin2 Pin=P21-2
Removed Pin From Net: NetName=Bus1Pin3 Pin=P21-3
Removed Pin From Net: NetName=Bus1Pin4 Pin=P21-4
Removed Pin From Net: NetName=Bus1Pin5 Pin=P21-5
Removed Pin From Net: NetName=Bus1Pin6 Pin=P21-6
Removed Pin From Net: NetName=Bus1Pin7 Pin=P21-7
Removed Pin From Net: NetName=Bus1Pin8 Pin=P21-8
Removed Pin From Net: NetName=Bus1Pin8 Pin=P21-9
Removed Pin From Net: NetName=Bus1Pin7 Pin=P21-10
Removed Pin From Net: NetName=Bus1Pin6 Pin=P21-11
Removed Pin From Net: NetName=Bus1Pin5 Pin=P21-12
Removed Pin From Net: NetName=Bus1Pin4 Pin=P21-13
Removed Pin From Net: NetName=Bus1Pin3 Pin=P21-14
Removed Pin From Net: NetName=Bus1Pin2 Pin=P21-15
Removed Pin From Net: NetName=Bus1Pin1 Pin=P21-16
Removed Pin From Net: NetName=Bus1Pin1 Pin=P22-1
Removed Pin From Net: NetName=Bus1Pin2 Pin=P22-2
Removed Pin From Net: NetName=Bus1Pin3 Pin=P22-3
Removed Pin From Net: NetName=Bus1Pin4 Pin=P22-4
Removed Pin From Net: NetName=Bus1Pin5 Pin=P22-5
Removed Pin From Net: NetName=Bus1Pin6 Pin=P22-6
Removed Pin From Net: NetName=Bus1Pin7 Pin=P22-7
Removed Pin From Net: NetName=Bus1Pin8 Pin=P22-8
Removed Pin From Net: NetName=Bus1Pin8 Pin=P22-9
Removed Pin From Net: NetName=Bus1Pin7 Pin=P22-10
Removed Pin From Net: NetName=Bus1Pin6 Pin=P22-11
Removed Pin From Net: NetName=Bus1Pin5 Pin=P22-12
Removed Pin From Net: NetName=Bus1Pin4 Pin=P22-13
Removed Pin From Net: NetName=Bus1Pin3 Pin=P22-14
Removed Pin From Net: NetName=Bus1Pin2 Pin=P22-15
Removed Pin From Net: NetName=Bus1Pin1 Pin=P22-16
Removed Pin From Net: NetName=Bus1Pin1 Pin=P23-1
Removed Pin From Net: NetName=Bus1Pin2 Pin=P23-2
Removed Pin From Net: NetName=Bus1Pin3 Pin=P23-3
Removed Pin From Net: NetName=Bus1Pin4 Pin=P23-4
Removed Pin From Net: NetName=Bus1Pin5 Pin=P23-5
Removed Pin From Net: NetName=Bus1Pin6 Pin=P23-6
Removed Pin From Net: NetName=Bus1Pin7 Pin=P23-7
Removed Pin From Net: NetName=Bus1Pin8 Pin=P23-8
Removed Pin From Net: NetName=Bus1Pin8 Pin=P23-9
Removed Pin From Net: NetName=Bus1Pin7 Pin=P23-10
Removed Pin From Net: NetName=Bus1Pin6 Pin=P23-11
Removed Pin From Net: NetName=Bus1Pin5 Pin=P23-12
Removed Pin From Net: NetName=Bus1Pin4 Pin=P23-13
Removed Pin From Net: NetName=Bus1Pin3 Pin=P23-14
Removed Pin From Net: NetName=Bus1Pin2 Pin=P23-15
Removed Pin From Net: NetName=Bus1Pin1 Pin=P23-16
Removed Pin From Net: NetName=Bus1Pin1 Pin=P24-1
Removed Pin From Net: NetName=Bus1Pin2 Pin=P24-2
Removed Pin From Net: NetName=Bus1Pin3 Pin=P24-3
Removed Pin From Net: NetName=Bus1Pin4 Pin=P24-4
Removed Pin From Net: NetName=Bus1Pin5 Pin=P24-5
Removed Pin From Net: NetName=Bus1Pin6 Pin=P24-6
Removed Pin From Net: NetName=Bus1Pin7 Pin=P24-7
Removed Pin From Net: NetName=Bus1Pin8 Pin=P24-8
Removed Pin From Net: NetName=Bus1Pin8 Pin=P24-9
Removed Pin From Net: NetName=Bus1Pin7 Pin=P24-10
Removed Pin From Net: NetName=Bus1Pin6 Pin=P24-11
Removed Pin From Net: NetName=Bus1Pin5 Pin=P24-12
Removed Pin From Net: NetName=Bus1Pin4 Pin=P24-13
Removed Pin From Net: NetName=Bus1Pin3 Pin=P24-14
Removed Pin From Net: NetName=Bus1Pin2 Pin=P24-15
Removed Pin From Net: NetName=Bus1Pin1 Pin=P24-16
Added Component: Designator=P25(2X8_SMD_PH_2.54)
Add component. Clean all parameters for all variants
Add component (AddParameter): Name = "Farnell"; Value = "2356242"; VariantName = "[No Variations]"
Add component (AddParameter): Name = "Value"; Value = "2x8 Pin Header, 2.54mm, SMD"; VariantName = "[No Variations]"
Added Component: Designator=P26(2X8_SMD_PH_2.54)
Add component. Clean all parameters for all variants
Add component (AddParameter): Name = "Farnell"; Value = "2356242"; VariantName = "[No Variations]"
Add component (AddParameter): Name = "Value"; Value = "2x8 Pin Header, 2.54mm, SMD"; VariantName = "[No Variations]"
Added Component: Designator=P27(2X8_SMD_PH_2.54)
Add component. Clean all parameters for all variants
Add component (AddParameter): Name = "Farnell"; Value = "2356242"; VariantName = "[No Variations]"
Add component (AddParameter): Name = "Value"; Value = "2x8 Pin Header, 2.54mm, SMD"; VariantName = "[No Variations]"
Added Component: Designator=P28(2X8_SMD_PH_2.54)
Add component. Clean all parameters for all variants
Add component (AddParameter): Name = "Farnell"; Value = "2356242"; VariantName = "[No Variations]"
Add component (AddParameter): Name = "Value"; Value = "2x8 Pin Header, 2.54mm, SMD"; VariantName = "[No Variations]"
Added Component: Designator=P29(2X8_SMD_PH_2.54)
Add component. Clean all parameters for all variants
Add component (AddParameter): Name = "Farnell"; Value = "2356242"; VariantName = "[No Variations]"
Add component (AddParameter): Name = "Value"; Value = "2x8 Pin Header, 2.54mm, SMD"; VariantName = "[No Variations]"
Added Component: Designator=P30(2X8_SMD_PH_2.54)
Add component. Clean all parameters for all variants
Add component (AddParameter): Name = "Farnell"; Value = "2356242"; VariantName = "[No Variations]"
Add component (AddParameter): Name = "Value"; Value = "2x8 Pin Header, 2.54mm, SMD"; VariantName = "[No Variations]"
Added Component: Designator=P31(2X8_SMD_PH_2.54)
Add component. Clean all parameters for all variants
Add component (AddParameter): Name = "Farnell"; Value = "2356242"; VariantName = "[No Variations]"
Add component (AddParameter): Name = "Value"; Value = "2x8 Pin Header, 2.54mm, SMD"; VariantName = "[No Variations]"
Added Component: Designator=P32(2X8_SMD_PH_2.54)
Add component. Clean all parameters for all variants
Add component (AddParameter): Name = "Farnell"; Value = "2356242"; VariantName = "[No Variations]"
Add component (AddParameter): Name = "Value"; Value = "2x8 Pin Header, 2.54mm, SMD"; VariantName = "[No Variations]"
Added Component: Designator=P33(2X8_SMD_PH_2.54)
Add component. Clean all parameters for all variants
Add component (AddParameter): Name = "Farnell"; Value = "2356242"; VariantName = "[No Variations]"
Add component (AddParameter): Name = "Value"; Value = "2x8 Pin Header, 2.54mm, SMD"; VariantName = "[No Variations]"
Added Component: Designator=P34(2X8_SMD_PH_2.54)
Add component. Clean all parameters for all variants
Add component (AddParameter): Name = "Farnell"; Value = "2356242"; VariantName = "[No Variations]"
Add component (AddParameter): Name = "Value"; Value = "2x8 Pin Header, 2.54mm, SMD"; VariantName = "[No Variations]"
Added Component: Designator=P35(2X8_SMD_PH_2.54)
Add component. Clean all parameters for all variants
Add component (AddParameter): Name = "Farnell"; Value = "2356242"; VariantName = "[No Variations]"
Add component (AddParameter): Name = "Value"; Value = "2x8 Pin Header, 2.54mm, SMD"; VariantName = "[No Variations]"
Added Component: Designator=P36(2X8_SMD_PH_2.54)
Add component. Clean all parameters for all variants
Add component (AddParameter): Name = "Farnell"; Value = "2356242"; VariantName = "[No Variations]"
Add component (AddParameter): Name = "Value"; Value = "2x8 Pin Header, 2.54mm, SMD"; VariantName = "[No Variations]"
Added Component: Designator=P37(2X8_SMD_PH_2.54)
Add component. Clean all parameters for all variants
Add component (AddParameter): Name = "Farnell"; Value = "2356242"; VariantName = "[No Variations]"
Add component (AddParameter): Name = "Value"; Value = "2x8 Pin Header, 2.54mm, SMD"; VariantName = "[No Variations]"
Added Component: Designator=P38(2X8_SMD_PH_2.54)
Add component. Clean all parameters for all variants
Add component (AddParameter): Name = "Farnell"; Value = "2356242"; VariantName = "[No Variations]"
Add component (AddParameter): Name = "Value"; Value = "2x8 Pin Header, 2.54mm, SMD"; VariantName = "[No Variations]"
Added Component: Designator=P39(2X8_SMD_PH_2.54)
Add component. Clean all parameters for all variants
Add component (AddParameter): Name = "Farnell"; Value = "2356242"; VariantName = "[No Variations]"
Add component (AddParameter): Name = "Value"; Value = "2x8 Pin Header, 2.54mm, SMD"; VariantName = "[No Variations]"
Added Component: Designator=P40(2X8_SMD_PH_2.54)
Add component. Clean all parameters for all variants
Add component (AddParameter): Name = "Farnell"; Value = "2356242"; VariantName = "[No Variations]"
Add component (AddParameter): Name = "Value"; Value = "2x8 Pin Header, 2.54mm, SMD"; VariantName = "[No Variations]"
Added Component: Designator=P41(2X8_SMD_PH_2.54)
Add component. Clean all parameters for all variants
Add component (AddParameter): Name = "Farnell"; Value = "2356242"; VariantName = "[No Variations]"
Add component (AddParameter): Name = "Value"; Value = "2x8 Pin Header, 2.54mm, SMD"; VariantName = "[No Variations]"
Added Component: Designator=P42(2X8_SMD_PH_2.54)
Add component. Clean all parameters for all variants
Add component (AddParameter): Name = "Farnell"; Value = "2356242"; VariantName = "[No Variations]"
Add component (AddParameter): Name = "Value"; Value = "2x8 Pin Header, 2.54mm, SMD"; VariantName = "[No Variations]"
Added Pin To Net: NetName=Bus2Pin1 Pin=P15-1
Added Pin To Net: NetName=Bus2Pin1 Pin=P15-16
Added Pin To Net: NetName=Bus2Pin1 Pin=P16-1
Added Pin To Net: NetName=Bus2Pin1 Pin=P16-16
Added Pin To Net: NetName=Bus2Pin1 Pin=P17-1
Added Pin To Net: NetName=Bus2Pin1 Pin=P17-16
Added Pin To Net: NetName=Bus2Pin1 Pin=P18-1
Added Pin To Net: NetName=Bus2Pin1 Pin=P18-16
Added Pin To Net: NetName=Bus2Pin1 Pin=P19-1
Added Pin To Net: NetName=Bus2Pin1 Pin=P19-16
Added Pin To Net: NetName=Bus2Pin1 Pin=P20-1
Added Pin To Net: NetName=Bus2Pin1 Pin=P20-16
Added Pin To Net: NetName=Bus2Pin1 Pin=P21-1
Added Pin To Net: NetName=Bus2Pin1 Pin=P21-16
Added Pin To Net: NetName=Bus2Pin1 Pin=P22-1
Added Pin To Net: NetName=Bus2Pin1 Pin=P22-16
Added Pin To Net: NetName=Bus2Pin1 Pin=P23-1
Added Pin To Net: NetName=Bus2Pin1 Pin=P23-16
Added Pin To Net: NetName=Bus2Pin1 Pin=P24-1
Added Pin To Net: NetName=Bus2Pin1 Pin=P24-16
Added Pin To Net: NetName=Bus2Pin1 Pin=P25-1
Added Pin To Net: NetName=Bus2Pin1 Pin=P25-16
Added Pin To Net: NetName=Bus2Pin1 Pin=P26-1
Added Pin To Net: NetName=Bus2Pin1 Pin=P26-16
Added Pin To Net: NetName=Bus2Pin1 Pin=P27-1
Added Pin To Net: NetName=Bus2Pin1 Pin=P27-16
Added Pin To Net: NetName=Bus2Pin1 Pin=P28-1
Added Pin To Net: NetName=Bus2Pin1 Pin=P28-16
Added Net: Name=Bus2Pin1
Added Pin To Net: NetName=Bus2Pin2 Pin=P15-2
Added Pin To Net: NetName=Bus2Pin2 Pin=P15-15
Added Pin To Net: NetName=Bus2Pin2 Pin=P16-2
Added Pin To Net: NetName=Bus2Pin2 Pin=P16-15
Added Pin To Net: NetName=Bus2Pin2 Pin=P17-2
Added Pin To Net: NetName=Bus2Pin2 Pin=P17-15
Added Pin To Net: NetName=Bus2Pin2 Pin=P18-2
Added Pin To Net: NetName=Bus2Pin2 Pin=P18-15
Added Pin To Net: NetName=Bus2Pin2 Pin=P19-2
Added Pin To Net: NetName=Bus2Pin2 Pin=P19-15
Added Pin To Net: NetName=Bus2Pin2 Pin=P20-2
Added Pin To Net: NetName=Bus2Pin2 Pin=P20-15
Added Pin To Net: NetName=Bus2Pin2 Pin=P21-2
Added Pin To Net: NetName=Bus2Pin2 Pin=P21-15
Added Pin To Net: NetName=Bus2Pin2 Pin=P22-2
Added Pin To Net: NetName=Bus2Pin2 Pin=P22-15
Added Pin To Net: NetName=Bus2Pin2 Pin=P23-2
Added Pin To Net: NetName=Bus2Pin2 Pin=P23-15
Added Pin To Net: NetName=Bus2Pin2 Pin=P24-2
Added Pin To Net: NetName=Bus2Pin2 Pin=P24-15
Added Pin To Net: NetName=Bus2Pin2 Pin=P25-2
Added Pin To Net: NetName=Bus2Pin2 Pin=P25-15
Added Pin To Net: NetName=Bus2Pin2 Pin=P26-2
Added Pin To Net: NetName=Bus2Pin2 Pin=P26-15
Added Pin To Net: NetName=Bus2Pin2 Pin=P27-2
Added Pin To Net: NetName=Bus2Pin2 Pin=P27-15
Added Pin To Net: NetName=Bus2Pin2 Pin=P28-2
Added Pin To Net: NetName=Bus2Pin2 Pin=P28-15
Added Net: Name=Bus2Pin2
Added Pin To Net: NetName=Bus2Pin3 Pin=P15-3
Added Pin To Net: NetName=Bus2Pin3 Pin=P15-14
Added Pin To Net: NetName=Bus2Pin3 Pin=P16-3
Added Pin To Net: NetName=Bus2Pin3 Pin=P16-14
Added Pin To Net: NetName=Bus2Pin3 Pin=P17-3
Added Pin To Net: NetName=Bus2Pin3 Pin=P17-14
Added Pin To Net: NetName=Bus2Pin3 Pin=P18-3
Added Pin To Net: NetName=Bus2Pin3 Pin=P18-14
Added Pin To Net: NetName=Bus2Pin3 Pin=P19-3
Added Pin To Net: NetName=Bus2Pin3 Pin=P19-14
Added Pin To Net: NetName=Bus2Pin3 Pin=P20-3
Added Pin To Net: NetName=Bus2Pin3 Pin=P20-14
Added Pin To Net: NetName=Bus2Pin3 Pin=P21-3
Added Pin To Net: NetName=Bus2Pin3 Pin=P21-14
Added Pin To Net: NetName=Bus2Pin3 Pin=P22-3
Added Pin To Net: NetName=Bus2Pin3 Pin=P22-14
Added Pin To Net: NetName=Bus2Pin3 Pin=P23-3
Added Pin To Net: NetName=Bus2Pin3 Pin=P23-14
Added Pin To Net: NetName=Bus2Pin3 Pin=P24-3
Added Pin To Net: NetName=Bus2Pin3 Pin=P24-14
Added Pin To Net: NetName=Bus2Pin3 Pin=P25-3
Added Pin To Net: NetName=Bus2Pin3 Pin=P25-14
Added Pin To Net: NetName=Bus2Pin3 Pin=P26-3
Added Pin To Net: NetName=Bus2Pin3 Pin=P26-14
Added Pin To Net: NetName=Bus2Pin3 Pin=P27-3
Added Pin To Net: NetName=Bus2Pin3 Pin=P27-14
Added Pin To Net: NetName=Bus2Pin3 Pin=P28-3
Added Pin To Net: NetName=Bus2Pin3 Pin=P28-14
Added Net: Name=Bus2Pin3
Added Pin To Net: NetName=Bus2Pin4 Pin=P15-4
Added Pin To Net: NetName=Bus2Pin4 Pin=P15-13
Added Pin To Net: NetName=Bus2Pin4 Pin=P16-4
Added Pin To Net: NetName=Bus2Pin4 Pin=P16-13
Added Pin To Net: NetName=Bus2Pin4 Pin=P17-4
Added Pin To Net: NetName=Bus2Pin4 Pin=P17-13
Added Pin To Net: NetName=Bus2Pin4 Pin=P18-4
Added Pin To Net: NetName=Bus2Pin4 Pin=P18-13
Added Pin To Net: NetName=Bus2Pin4 Pin=P19-4
Added Pin To Net: NetName=Bus2Pin4 Pin=P19-13
Added Pin To Net: NetName=Bus2Pin4 Pin=P20-4
Added Pin To Net: NetName=Bus2Pin4 Pin=P20-13
Added Pin To Net: NetName=Bus2Pin4 Pin=P21-4
Added Pin To Net: NetName=Bus2Pin4 Pin=P21-13
Added Pin To Net: NetName=Bus2Pin4 Pin=P22-4
Added Pin To Net: NetName=Bus2Pin4 Pin=P22-13
Added Pin To Net: NetName=Bus2Pin4 Pin=P23-4
Added Pin To Net: NetName=Bus2Pin4 Pin=P23-13
Added Pin To Net: NetName=Bus2Pin4 Pin=P24-4
Added Pin To Net: NetName=Bus2Pin4 Pin=P24-13
Added Pin To Net: NetName=Bus2Pin4 Pin=P25-4
Added Pin To Net: NetName=Bus2Pin4 Pin=P25-13
Added Pin To Net: NetName=Bus2Pin4 Pin=P26-4
Added Pin To Net: NetName=Bus2Pin4 Pin=P26-13
Added Pin To Net: NetName=Bus2Pin4 Pin=P27-4
Added Pin To Net: NetName=Bus2Pin4 Pin=P27-13
Added Pin To Net: NetName=Bus2Pin4 Pin=P28-4
Added Pin To Net: NetName=Bus2Pin4 Pin=P28-13
Added Net: Name=Bus2Pin4
Added Pin To Net: NetName=Bus2Pin5 Pin=P15-5
Added Pin To Net: NetName=Bus2Pin5 Pin=P15-12
Added Pin To Net: NetName=Bus2Pin5 Pin=P16-5
Added Pin To Net: NetName=Bus2Pin5 Pin=P16-12
Added Pin To Net: NetName=Bus2Pin5 Pin=P17-5
Added Pin To Net: NetName=Bus2Pin5 Pin=P17-12
Added Pin To Net: NetName=Bus2Pin5 Pin=P18-5
Added Pin To Net: NetName=Bus2Pin5 Pin=P18-12
Added Pin To Net: NetName=Bus2Pin5 Pin=P19-5
Added Pin To Net: NetName=Bus2Pin5 Pin=P19-12
Added Pin To Net: NetName=Bus2Pin5 Pin=P20-5
Added Pin To Net: NetName=Bus2Pin5 Pin=P20-12
Added Pin To Net: NetName=Bus2Pin5 Pin=P21-5
Added Pin To Net: NetName=Bus2Pin5 Pin=P21-12
Added Pin To Net: NetName=Bus2Pin5 Pin=P22-5
Added Pin To Net: NetName=Bus2Pin5 Pin=P22-12
Added Pin To Net: NetName=Bus2Pin5 Pin=P23-5
Added Pin To Net: NetName=Bus2Pin5 Pin=P23-12
Added Pin To Net: NetName=Bus2Pin5 Pin=P24-5
Added Pin To Net: NetName=Bus2Pin5 Pin=P24-12
Added Pin To Net: NetName=Bus2Pin5 Pin=P25-5
Added Pin To Net: NetName=Bus2Pin5 Pin=P25-12
Added Pin To Net: NetName=Bus2Pin5 Pin=P26-5
Added Pin To Net: NetName=Bus2Pin5 Pin=P26-12
Added Pin To Net: NetName=Bus2Pin5 Pin=P27-5
Added Pin To Net: NetName=Bus2Pin5 Pin=P27-12
Added Pin To Net: NetName=Bus2Pin5 Pin=P28-5
Added Pin To Net: NetName=Bus2Pin5 Pin=P28-12
Added Net: Name=Bus2Pin5
Added Pin To Net: NetName=Bus2Pin6 Pin=P15-6
Added Pin To Net: NetName=Bus2Pin6 Pin=P15-11
Added Pin To Net: NetName=Bus2Pin6 Pin=P16-6
Added Pin To Net: NetName=Bus2Pin6 Pin=P16-11
Added Pin To Net: NetName=Bus2Pin6 Pin=P17-6
Added Pin To Net: NetName=Bus2Pin6 Pin=P17-11
Added Pin To Net: NetName=Bus2Pin6 Pin=P18-6
Added Pin To Net: NetName=Bus2Pin6 Pin=P18-11
Added Pin To Net: NetName=Bus2Pin6 Pin=P19-6
Added Pin To Net: NetName=Bus2Pin6 Pin=P19-11
Added Pin To Net: NetName=Bus2Pin6 Pin=P20-6
Added Pin To Net: NetName=Bus2Pin6 Pin=P20-11
Added Pin To Net: NetName=Bus2Pin6 Pin=P21-6
Added Pin To Net: NetName=Bus2Pin6 Pin=P21-11
Added Pin To Net: NetName=Bus2Pin6 Pin=P22-6
Added Pin To Net: NetName=Bus2Pin6 Pin=P22-11
Added Pin To Net: NetName=Bus2Pin6 Pin=P23-6
Added Pin To Net: NetName=Bus2Pin6 Pin=P23-11
Added Pin To Net: NetName=Bus2Pin6 Pin=P24-6
Added Pin To Net: NetName=Bus2Pin6 Pin=P24-11
Added Pin To Net: NetName=Bus2Pin6 Pin=P25-6
Added Pin To Net: NetName=Bus2Pin6 Pin=P25-11
Added Pin To Net: NetName=Bus2Pin6 Pin=P26-6
Added Pin To Net: NetName=Bus2Pin6 Pin=P26-11
Added Pin To Net: NetName=Bus2Pin6 Pin=P27-6
Added Pin To Net: NetName=Bus2Pin6 Pin=P27-11
Added Pin To Net: NetName=Bus2Pin6 Pin=P28-6
Added Pin To Net: NetName=Bus2Pin6 Pin=P28-11
Added Net: Name=Bus2Pin6
Added Pin To Net: NetName=Bus2Pin7 Pin=P15-7
Added Pin To Net: NetName=Bus2Pin7 Pin=P15-10
Added Pin To Net: NetName=Bus2Pin7 Pin=P16-7
Added Pin To Net: NetName=Bus2Pin7 Pin=P16-10
Added Pin To Net: NetName=Bus2Pin7 Pin=P17-7
Added Pin To Net: NetName=Bus2Pin7 Pin=P17-10
Added Pin To Net: NetName=Bus2Pin7 Pin=P18-7
Added Pin To Net: NetName=Bus2Pin7 Pin=P18-10
Added Pin To Net: NetName=Bus2Pin7 Pin=P19-7
Added Pin To Net: NetName=Bus2Pin7 Pin=P19-10
Added Pin To Net: NetName=Bus2Pin7 Pin=P20-7
Added Pin To Net: NetName=Bus2Pin7 Pin=P20-10
Added Pin To Net: NetName=Bus2Pin7 Pin=P21-7
Added Pin To Net: NetName=Bus2Pin7 Pin=P21-10
Added Pin To Net: NetName=Bus2Pin7 Pin=P22-7
Added Pin To Net: NetName=Bus2Pin7 Pin=P22-10
Added Pin To Net: NetName=Bus2Pin7 Pin=P23-7
Added Pin To Net: NetName=Bus2Pin7 Pin=P23-10
Added Pin To Net: NetName=Bus2Pin7 Pin=P24-7
Added Pin To Net: NetName=Bus2Pin7 Pin=P24-10
Added Pin To Net: NetName=Bus2Pin7 Pin=P25-7
Added Pin To Net: NetName=Bus2Pin7 Pin=P25-10
Added Pin To Net: NetName=Bus2Pin7 Pin=P26-7
Added Pin To Net: NetName=Bus2Pin7 Pin=P26-10
Added Pin To Net: NetName=Bus2Pin7 Pin=P27-7
Added Pin To Net: NetName=Bus2Pin7 Pin=P27-10
Added Pin To Net: NetName=Bus2Pin7 Pin=P28-7
Added Pin To Net: NetName=Bus2Pin7 Pin=P28-10
Added Net: Name=Bus2Pin7
Added Pin To Net: NetName=Bus2Pin8 Pin=P15-8
Added Pin To Net: NetName=Bus2Pin8 Pin=P15-9
Added Pin To Net: NetName=Bus2Pin8 Pin=P16-8
Added Pin To Net: NetName=Bus2Pin8 Pin=P16-9
Added Pin To Net: NetName=Bus2Pin8 Pin=P17-8
Added Pin To Net: NetName=Bus2Pin8 Pin=P17-9
Added Pin To Net: NetName=Bus2Pin8 Pin=P18-8
Added Pin To Net: NetName=Bus2Pin8 Pin=P18-9
Added Pin To Net: NetName=Bus2Pin8 Pin=P19-8
Added Pin To Net: NetName=Bus2Pin8 Pin=P19-9
Added Pin To Net: NetName=Bus2Pin8 Pin=P20-8
Added Pin To Net: NetName=Bus2Pin8 Pin=P20-9
Added Pin To Net: NetName=Bus2Pin8 Pin=P21-8
Added Pin To Net: NetName=Bus2Pin8 Pin=P21-9
Added Pin To Net: NetName=Bus2Pin8 Pin=P22-8
Added Pin To Net: NetName=Bus2Pin8 Pin=P22-9
Added Pin To Net: NetName=Bus2Pin8 Pin=P23-8
Added Pin To Net: NetName=Bus2Pin8 Pin=P23-9
Added Pin To Net: NetName=Bus2Pin8 Pin=P24-8
Added Pin To Net: NetName=Bus2Pin8 Pin=P24-9
Added Pin To Net: NetName=Bus2Pin8 Pin=P25-8
Added Pin To Net: NetName=Bus2Pin8 Pin=P25-9
Added Pin To Net: NetName=Bus2Pin8 Pin=P26-8
Added Pin To Net: NetName=Bus2Pin8 Pin=P26-9
Added Pin To Net: NetName=Bus2Pin8 Pin=P27-8
Added Pin To Net: NetName=Bus2Pin8 Pin=P27-9
Added Pin To Net: NetName=Bus2Pin8 Pin=P28-8
Added Pin To Net: NetName=Bus2Pin8 Pin=P28-9
Added Net: Name=Bus2Pin8
Added Pin To Net: NetName=Bus3Pin1 Pin=P29-1
Added Pin To Net: NetName=Bus3Pin1 Pin=P29-16
Added Pin To Net: NetName=Bus3Pin1 Pin=P30-1
Added Pin To Net: NetName=Bus3Pin1 Pin=P30-16
Added Pin To Net: NetName=Bus3Pin1 Pin=P31-1
Added Pin To Net: NetName=Bus3Pin1 Pin=P31-16
Added Pin To Net: NetName=Bus3Pin1 Pin=P32-1
Added Pin To Net: NetName=Bus3Pin1 Pin=P32-16
Added Pin To Net: NetName=Bus3Pin1 Pin=P33-1
Added Pin To Net: NetName=Bus3Pin1 Pin=P33-16
Added Pin To Net: NetName=Bus3Pin1 Pin=P34-1
Added Pin To Net: NetName=Bus3Pin1 Pin=P34-16
Added Pin To Net: NetName=Bus3Pin1 Pin=P35-1
Added Pin To Net: NetName=Bus3Pin1 Pin=P35-16
Added Pin To Net: NetName=Bus3Pin1 Pin=P36-1
Added Pin To Net: NetName=Bus3Pin1 Pin=P36-16
Added Pin To Net: NetName=Bus3Pin1 Pin=P37-1
Added Pin To Net: NetName=Bus3Pin1 Pin=P37-16
Added Pin To Net: NetName=Bus3Pin1 Pin=P38-1
Added Pin To Net: NetName=Bus3Pin1 Pin=P38-16
Added Pin To Net: NetName=Bus3Pin1 Pin=P39-1
Added Pin To Net: NetName=Bus3Pin1 Pin=P39-16
Added Pin To Net: NetName=Bus3Pin1 Pin=P40-1
Added Pin To Net: NetName=Bus3Pin1 Pin=P40-16
Added Pin To Net: NetName=Bus3Pin1 Pin=P41-1
Added Pin To Net: NetName=Bus3Pin1 Pin=P41-16
Added Pin To Net: NetName=Bus3Pin1 Pin=P42-1
Added Pin To Net: NetName=Bus3Pin1 Pin=P42-16
Added Net: Name=Bus3Pin1
Added Pin To Net: NetName=Bus3Pin2 Pin=P29-2
Added Pin To Net: NetName=Bus3Pin2 Pin=P29-15
Added Pin To Net: NetName=Bus3Pin2 Pin=P30-2
Added Pin To Net: NetName=Bus3Pin2 Pin=P30-15
Added Pin To Net: NetName=Bus3Pin2 Pin=P31-2
Added Pin To Net: NetName=Bus3Pin2 Pin=P31-15
Added Pin To Net: NetName=Bus3Pin2 Pin=P32-2
Added Pin To Net: NetName=Bus3Pin2 Pin=P32-15
Added Pin To Net: NetName=Bus3Pin2 Pin=P33-2
Added Pin To Net: NetName=Bus3Pin2 Pin=P33-15
Added Pin To Net: NetName=Bus3Pin2 Pin=P34-2
Added Pin To Net: NetName=Bus3Pin2 Pin=P34-15
Added Pin To Net: NetName=Bus3Pin2 Pin=P35-2
Added Pin To Net: NetName=Bus3Pin2 Pin=P35-15
Added Pin To Net: NetName=Bus3Pin2 Pin=P36-2
Added Pin To Net: NetName=Bus3Pin2 Pin=P36-15
Added Pin To Net: NetName=Bus3Pin2 Pin=P37-2
Added Pin To Net: NetName=Bus3Pin2 Pin=P37-15
Added Pin To Net: NetName=Bus3Pin2 Pin=P38-2
Added Pin To Net: NetName=Bus3Pin2 Pin=P38-15
Added Pin To Net: NetName=Bus3Pin2 Pin=P39-2
Added Pin To Net: NetName=Bus3Pin2 Pin=P39-15
Added Pin To Net: NetName=Bus3Pin2 Pin=P40-2
Added Pin To Net: NetName=Bus3Pin2 Pin=P40-15
Added Pin To Net: NetName=Bus3Pin2 Pin=P41-2
Added Pin To Net: NetName=Bus3Pin2 Pin=P41-15
Added Pin To Net: NetName=Bus3Pin2 Pin=P42-2
Added Pin To Net: NetName=Bus3Pin2 Pin=P42-15
Added Net: Name=Bus3Pin2
Added Pin To Net: NetName=Bus3Pin3 Pin=P29-3
Added Pin To Net: NetName=Bus3Pin3 Pin=P29-14
Added Pin To Net: NetName=Bus3Pin3 Pin=P30-3
Added Pin To Net: NetName=Bus3Pin3 Pin=P30-14
Added Pin To Net: NetName=Bus3Pin3 Pin=P31-3
Added Pin To Net: NetName=Bus3Pin3 Pin=P31-14
Added Pin To Net: NetName=Bus3Pin3 Pin=P32-3
Added Pin To Net: NetName=Bus3Pin3 Pin=P32-14
Added Pin To Net: NetName=Bus3Pin3 Pin=P33-3
Added Pin To Net: NetName=Bus3Pin3 Pin=P33-14
Added Pin To Net: NetName=Bus3Pin3 Pin=P34-3
Added Pin To Net: NetName=Bus3Pin3 Pin=P34-14
Added Pin To Net: NetName=Bus3Pin3 Pin=P35-3
Added Pin To Net: NetName=Bus3Pin3 Pin=P35-14
Added Pin To Net: NetName=Bus3Pin3 Pin=P36-3
Added Pin To Net: NetName=Bus3Pin3 Pin=P36-14
Added Pin To Net: NetName=Bus3Pin3 Pin=P37-3
Added Pin To Net: NetName=Bus3Pin3 Pin=P37-14
Added Pin To Net: NetName=Bus3Pin3 Pin=P38-3
Added Pin To Net: NetName=Bus3Pin3 Pin=P38-14
Added Pin To Net: NetName=Bus3Pin3 Pin=P39-3
Added Pin To Net: NetName=Bus3Pin3 Pin=P39-14
Added Pin To Net: NetName=Bus3Pin3 Pin=P40-3
Added Pin To Net: NetName=Bus3Pin3 Pin=P40-14
Added Pin To Net: NetName=Bus3Pin3 Pin=P41-3
Added Pin To Net: NetName=Bus3Pin3 Pin=P41-14
Added Pin To Net: NetName=Bus3Pin3 Pin=P42-3
Added Pin To Net: NetName=Bus3Pin3 Pin=P42-14
Added Net: Name=Bus3Pin3
Added Pin To Net: NetName=Bus3Pin4 Pin=P29-4
Added Pin To Net: NetName=Bus3Pin4 Pin=P29-13
Added Pin To Net: NetName=Bus3Pin4 Pin=P30-4
Added Pin To Net: NetName=Bus3Pin4 Pin=P30-13
Added Pin To Net: NetName=Bus3Pin4 Pin=P31-4
Added Pin To Net: NetName=Bus3Pin4 Pin=P31-13
Added Pin To Net: NetName=Bus3Pin4 Pin=P32-4
Added Pin To Net: NetName=Bus3Pin4 Pin=P32-13
Added Pin To Net: NetName=Bus3Pin4 Pin=P33-4
Added Pin To Net: NetName=Bus3Pin4 Pin=P33-13
Added Pin To Net: NetName=Bus3Pin4 Pin=P34-4
Added Pin To Net: NetName=Bus3Pin4 Pin=P34-13
Added Pin To Net: NetName=Bus3Pin4 Pin=P35-4
Added Pin To Net: NetName=Bus3Pin4 Pin=P35-13
Added Pin To Net: NetName=Bus3Pin4 Pin=P36-4
Added Pin To Net: NetName=Bus3Pin4 Pin=P36-13
Added Pin To Net: NetName=Bus3Pin4 Pin=P37-4
Added Pin To Net: NetName=Bus3Pin4 Pin=P37-13
Added Pin To Net: NetName=Bus3Pin4 Pin=P38-4
Added Pin To Net: NetName=Bus3Pin4 Pin=P38-13
Added Pin To Net: NetName=Bus3Pin4 Pin=P39-4
Added Pin To Net: NetName=Bus3Pin4 Pin=P39-13
Added Pin To Net: NetName=Bus3Pin4 Pin=P40-4
Added Pin To Net: NetName=Bus3Pin4 Pin=P40-13
Added Pin To Net: NetName=Bus3Pin4 Pin=P41-4
Added Pin To Net: NetName=Bus3Pin4 Pin=P41-13
Added Pin To Net: NetName=Bus3Pin4 Pin=P42-4
Added Pin To Net: NetName=Bus3Pin4 Pin=P42-13
Added Net: Name=Bus3Pin4
Added Pin To Net: NetName=Bus3Pin5 Pin=P29-5
Added Pin To Net: NetName=Bus3Pin5 Pin=P29-12
Added Pin To Net: NetName=Bus3Pin5 Pin=P30-5
Added Pin To Net: NetName=Bus3Pin5 Pin=P30-12
Added Pin To Net: NetName=Bus3Pin5 Pin=P31-5
Added Pin To Net: NetName=Bus3Pin5 Pin=P31-12
Added Pin To Net: NetName=Bus3Pin5 Pin=P32-5
Added Pin To Net: NetName=Bus3Pin5 Pin=P32-12
Added Pin To Net: NetName=Bus3Pin5 Pin=P33-5
Added Pin To Net: NetName=Bus3Pin5 Pin=P33-12
Added Pin To Net: NetName=Bus3Pin5 Pin=P34-5
Added Pin To Net: NetName=Bus3Pin5 Pin=P34-12
Added Pin To Net: NetName=Bus3Pin5 Pin=P35-5
Added Pin To Net: NetName=Bus3Pin5 Pin=P35-12
Added Pin To Net: NetName=Bus3Pin5 Pin=P36-5
Added Pin To Net: NetName=Bus3Pin5 Pin=P36-12
Added Pin To Net: NetName=Bus3Pin5 Pin=P37-5
Added Pin To Net: NetName=Bus3Pin5 Pin=P37-12
Added Pin To Net: NetName=Bus3Pin5 Pin=P38-5
Added Pin To Net: NetName=Bus3Pin5 Pin=P38-12
Added Pin To Net: NetName=Bus3Pin5 Pin=P39-5
Added Pin To Net: NetName=Bus3Pin5 Pin=P39-12
Added Pin To Net: NetName=Bus3Pin5 Pin=P40-5
Added Pin To Net: NetName=Bus3Pin5 Pin=P40-12
Added Pin To Net: NetName=Bus3Pin5 Pin=P41-5
Added Pin To Net: NetName=Bus3Pin5 Pin=P41-12
Added Pin To Net: NetName=Bus3Pin5 Pin=P42-5
Added Pin To Net: NetName=Bus3Pin5 Pin=P42-12
Added Net: Name=Bus3Pin5
Added Pin To Net: NetName=Bus3Pin6 Pin=P29-6
Added Pin To Net: NetName=Bus3Pin6 Pin=P29-11
Added Pin To Net: NetName=Bus3Pin6 Pin=P30-6
Added Pin To Net: NetName=Bus3Pin6 Pin=P30-11
Added Pin To Net: NetName=Bus3Pin6 Pin=P31-6
Added Pin To Net: NetName=Bus3Pin6 Pin=P31-11
Added Pin To Net: NetName=Bus3Pin6 Pin=P32-6
Added Pin To Net: NetName=Bus3Pin6 Pin=P32-11
Added Pin To Net: NetName=Bus3Pin6 Pin=P33-6
Added Pin To Net: NetName=Bus3Pin6 Pin=P33-11
Added Pin To Net: NetName=Bus3Pin6 Pin=P34-6
Added Pin To Net: NetName=Bus3Pin6 Pin=P34-11
Added Pin To Net: NetName=Bus3Pin6 Pin=P35-6
Added Pin To Net: NetName=Bus3Pin6 Pin=P35-11
Added Pin To Net: NetName=Bus3Pin6 Pin=P36-6
Added Pin To Net: NetName=Bus3Pin6 Pin=P36-11
Added Pin To Net: NetName=Bus3Pin6 Pin=P37-6
Added Pin To Net: NetName=Bus3Pin6 Pin=P37-11
Added Pin To Net: NetName=Bus3Pin6 Pin=P38-6
Added Pin To Net: NetName=Bus3Pin6 Pin=P38-11
Added Pin To Net: NetName=Bus3Pin6 Pin=P39-6
Added Pin To Net: NetName=Bus3Pin6 Pin=P39-11
Added Pin To Net: NetName=Bus3Pin6 Pin=P40-6
Added Pin To Net: NetName=Bus3Pin6 Pin=P40-11
Added Pin To Net: NetName=Bus3Pin6 Pin=P41-6
Added Pin To Net: NetName=Bus3Pin6 Pin=P41-11
Added Pin To Net: NetName=Bus3Pin6 Pin=P42-6
Added Pin To Net: NetName=Bus3Pin6 Pin=P42-11
Added Net: Name=Bus3Pin6
Added Pin To Net: NetName=Bus3Pin7 Pin=P29-7
Added Pin To Net: NetName=Bus3Pin7 Pin=P29-10
Added Pin To Net: NetName=Bus3Pin7 Pin=P30-7
Added Pin To Net: NetName=Bus3Pin7 Pin=P30-10
Added Pin To Net: NetName=Bus3Pin7 Pin=P31-7
Added Pin To Net: NetName=Bus3Pin7 Pin=P31-10
Added Pin To Net: NetName=Bus3Pin7 Pin=P32-7
Added Pin To Net: NetName=Bus3Pin7 Pin=P32-10
Added Pin To Net: NetName=Bus3Pin7 Pin=P33-7
Added Pin To Net: NetName=Bus3Pin7 Pin=P33-10
Added Pin To Net: NetName=Bus3Pin7 Pin=P34-7
Added Pin To Net: NetName=Bus3Pin7 Pin=P34-10
Added Pin To Net: NetName=Bus3Pin7 Pin=P35-7
Added Pin To Net: NetName=Bus3Pin7 Pin=P35-10
Added Pin To Net: NetName=Bus3Pin7 Pin=P36-7
Added Pin To Net: NetName=Bus3Pin7 Pin=P36-10
Added Pin To Net: NetName=Bus3Pin7 Pin=P37-7
Added Pin To Net: NetName=Bus3Pin7 Pin=P37-10
Added Pin To Net: NetName=Bus3Pin7 Pin=P38-7
Added Pin To Net: NetName=Bus3Pin7 Pin=P38-10
Added Pin To Net: NetName=Bus3Pin7 Pin=P39-7
Added Pin To Net: NetName=Bus3Pin7 Pin=P39-10
Added Pin To Net: NetName=Bus3Pin7 Pin=P40-7
Added Pin To Net: NetName=Bus3Pin7 Pin=P40-10
Added Pin To Net: NetName=Bus3Pin7 Pin=P41-7
Added Pin To Net: NetName=Bus3Pin7 Pin=P41-10
Added Pin To Net: NetName=Bus3Pin7 Pin=P42-7
Added Pin To Net: NetName=Bus3Pin7 Pin=P42-10
Added Net: Name=Bus3Pin7
Added Pin To Net: NetName=Bus3Pin8 Pin=P29-8
Added Pin To Net: NetName=Bus3Pin8 Pin=P29-9
Added Pin To Net: NetName=Bus3Pin8 Pin=P30-8
Added Pin To Net: NetName=Bus3Pin8 Pin=P30-9
Added Pin To Net: NetName=Bus3Pin8 Pin=P31-8
Added Pin To Net: NetName=Bus3Pin8 Pin=P31-9
Added Pin To Net: NetName=Bus3Pin8 Pin=P32-8
Added Pin To Net: NetName=Bus3Pin8 Pin=P32-9
Added Pin To Net: NetName=Bus3Pin8 Pin=P33-8
Added Pin To Net: NetName=Bus3Pin8 Pin=P33-9
Added Pin To Net: NetName=Bus3Pin8 Pin=P34-8
Added Pin To Net: NetName=Bus3Pin8 Pin=P34-9
Added Pin To Net: NetName=Bus3Pin8 Pin=P35-8
Added Pin To Net: NetName=Bus3Pin8 Pin=P35-9
Added Pin To Net: NetName=Bus3Pin8 Pin=P36-8
Added Pin To Net: NetName=Bus3Pin8 Pin=P36-9
Added Pin To Net: NetName=Bus3Pin8 Pin=P37-8
Added Pin To Net: NetName=Bus3Pin8 Pin=P37-9
Added Pin To Net: NetName=Bus3Pin8 Pin=P38-8
Added Pin To Net: NetName=Bus3Pin8 Pin=P38-9
Added Pin To Net: NetName=Bus3Pin8 Pin=P39-8
Added Pin To Net: NetName=Bus3Pin8 Pin=P39-9
Added Pin To Net: NetName=Bus3Pin8 Pin=P40-8
Added Pin To Net: NetName=Bus3Pin8 Pin=P40-9
Added Pin To Net: NetName=Bus3Pin8 Pin=P41-8
Added Pin To Net: NetName=Bus3Pin8 Pin=P41-9
Added Pin To Net: NetName=Bus3Pin8 Pin=P42-8
Added Pin To Net: NetName=Bus3Pin8 Pin=P42-9
Added Net: Name=Bus3Pin8
Added Member To Class: ClassName=MyBus Member=Component P25 2x8 Pin Header  SMD
Added Member To Class: ClassName=MyBus Member=Component P26 2x8 Pin Header  SMD
Added Member To Class: ClassName=MyBus Member=Component P27 2x8 Pin Header  SMD
Added Member To Class: ClassName=MyBus Member=Component P28 2x8 Pin Header  SMD
Added Member To Class: ClassName=MyBus Member=Component P29 2x8 Pin Header  SMD
Added Member To Class: ClassName=MyBus Member=Component P30 2x8 Pin Header  SMD
Added Member To Class: ClassName=MyBus Member=Component P31 2x8 Pin Header  SMD
Added Member To Class: ClassName=MyBus Member=Component P32 2x8 Pin Header  SMD
Added Member To Class: ClassName=MyBus Member=Component P33 2x8 Pin Header  SMD
Added Member To Class: ClassName=MyBus Member=Component P34 2x8 Pin Header  SMD
Added Member To Class: ClassName=MyBus Member=Component P35 2x8 Pin Header  SMD
Added Member To Class: ClassName=MyBus Member=Component P36 2x8 Pin Header  SMD
Added Member To Class: ClassName=MyBus Member=Component P37 2x8 Pin Header  SMD
Added Member To Class: ClassName=MyBus Member=Component P38 2x8 Pin Header  SMD
Added Member To Class: ClassName=MyBus Member=Component P39 2x8 Pin Header  SMD
Added Member To Class: ClassName=MyBus Member=Component P40 2x8 Pin Header  SMD
Added Member To Class: ClassName=MyBus Member=Component P41 2x8 Pin Header  SMD
Added Member To Class: ClassName=MyBus Member=Component P42 2x8 Pin Header  SMD
