Removed Pin From Net: NetName=Bus1Pin1 Pin=U1-1
Removed Pin From Net: NetName=Bus1Pin2 Pin=U1-2
Removed Pin From Net: NetName=Bus1Pin3 Pin=U1-3
Removed Pin From Net: NetName=Bus1Pin4 Pin=U1-4
Removed Pin From Net: NetName=Bus1Pin5 Pin=U1-5
Removed Pin From Net: NetName=Bus1Pin6 Pin=U1-6
Removed Pin From Net: NetName=Bus1Pin7 Pin=U1-7
Removed Pin From Net: NetName=Bus1Pin8 Pin=U1-8
Removed Pin From Net: NetName=Bus1Pin1 Pin=U2-1
Removed Pin From Net: NetName=Bus1Pin2 Pin=U2-2
Removed Pin From Net: NetName=Bus1Pin3 Pin=U2-3
Removed Pin From Net: NetName=Bus1Pin4 Pin=U2-4
Removed Pin From Net: NetName=Bus1Pin5 Pin=U2-5
Removed Pin From Net: NetName=Bus1Pin6 Pin=U2-6
Removed Pin From Net: NetName=Bus1Pin7 Pin=U2-7
Removed Pin From Net: NetName=Bus1Pin8 Pin=U2-8
Removed Pin From Net: NetName=Bus1Pin1 Pin=U3-1
Removed Pin From Net: NetName=Bus1Pin2 Pin=U3-2
Removed Pin From Net: NetName=Bus1Pin3 Pin=U3-3
Removed Pin From Net: NetName=Bus1Pin4 Pin=U3-4
Removed Pin From Net: NetName=Bus1Pin5 Pin=U3-5
Removed Pin From Net: NetName=Bus1Pin6 Pin=U3-6
Removed Pin From Net: NetName=Bus1Pin7 Pin=U3-7
Removed Pin From Net: NetName=Bus1Pin8 Pin=U3-8
Removed Pin From Net: NetName=Bus1Pin1 Pin=U4-1
Removed Pin From Net: NetName=Bus1Pin2 Pin=U4-2
Removed Pin From Net: NetName=Bus1Pin3 Pin=U4-3
Removed Pin From Net: NetName=Bus1Pin4 Pin=U4-4
Removed Pin From Net: NetName=Bus1Pin5 Pin=U4-5
Removed Pin From Net: NetName=Bus1Pin6 Pin=U4-6
Removed Pin From Net: NetName=Bus1Pin7 Pin=U4-7
Removed Pin From Net: NetName=Bus1Pin8 Pin=U4-8
Removed Pin From Net: NetName=Bus1Pin1 Pin=U5-1
Removed Pin From Net: NetName=Bus1Pin2 Pin=U5-2
Removed Pin From Net: NetName=Bus1Pin3 Pin=U5-3
Removed Pin From Net: NetName=Bus1Pin4 Pin=U5-4
Removed Pin From Net: NetName=Bus1Pin5 Pin=U5-5
Removed Pin From Net: NetName=Bus1Pin6 Pin=U5-6
Removed Pin From Net: NetName=Bus1Pin7 Pin=U5-7
Removed Pin From Net: NetName=Bus1Pin8 Pin=U5-8
Removed Pin From Net: NetName=Bus1Pin1 Pin=U6-1
Removed Pin From Net: NetName=Bus1Pin2 Pin=U6-2
Removed Pin From Net: NetName=Bus1Pin3 Pin=U6-3
Removed Pin From Net: NetName=Bus1Pin4 Pin=U6-4
Removed Pin From Net: NetName=Bus1Pin5 Pin=U6-5
Removed Pin From Net: NetName=Bus1Pin6 Pin=U6-6
Removed Pin From Net: NetName=Bus1Pin7 Pin=U6-7
Removed Pin From Net: NetName=Bus1Pin8 Pin=U6-8
Removed Pin From Net: NetName=Bus1Pin1 Pin=U7-1
Removed Pin From Net: NetName=Bus1Pin2 Pin=U7-2
Removed Pin From Net: NetName=Bus1Pin3 Pin=U7-3
Removed Pin From Net: NetName=Bus1Pin4 Pin=U7-4
Removed Pin From Net: NetName=Bus1Pin5 Pin=U7-5
Removed Pin From Net: NetName=Bus1Pin6 Pin=U7-6
Removed Pin From Net: NetName=Bus1Pin7 Pin=U7-7
Removed Pin From Net: NetName=Bus1Pin8 Pin=U7-8
Removed Pin From Net: NetName=Bus1Pin1 Pin=U8-1
Removed Pin From Net: NetName=Bus1Pin2 Pin=U8-2
Removed Pin From Net: NetName=Bus1Pin3 Pin=U8-3
Removed Pin From Net: NetName=Bus1Pin4 Pin=U8-4
Removed Pin From Net: NetName=Bus1Pin5 Pin=U8-5
Removed Pin From Net: NetName=Bus1Pin6 Pin=U8-6
Removed Pin From Net: NetName=Bus1Pin7 Pin=U8-7
Removed Pin From Net: NetName=Bus1Pin8 Pin=U8-8
Removed Pin From Net: NetName=Bus1Pin1 Pin=U9-1
Removed Pin From Net: NetName=Bus1Pin2 Pin=U9-2
Removed Pin From Net: NetName=Bus1Pin3 Pin=U9-3
Removed Pin From Net: NetName=Bus1Pin4 Pin=U9-4
Removed Pin From Net: NetName=Bus1Pin5 Pin=U9-5
Removed Pin From Net: NetName=Bus1Pin6 Pin=U9-6
Removed Pin From Net: NetName=Bus1Pin7 Pin=U9-7
Removed Pin From Net: NetName=Bus1Pin8 Pin=U9-8
Removed Pin From Net: NetName=Bus1Pin1 Pin=U10-1
Removed Pin From Net: NetName=Bus1Pin2 Pin=U10-2
Removed Pin From Net: NetName=Bus1Pin3 Pin=U10-3
Removed Pin From Net: NetName=Bus1Pin4 Pin=U10-4
Removed Pin From Net: NetName=Bus1Pin5 Pin=U10-5
Removed Pin From Net: NetName=Bus1Pin6 Pin=U10-6
Removed Pin From Net: NetName=Bus1Pin7 Pin=U10-7
Removed Pin From Net: NetName=Bus1Pin8 Pin=U10-8
Removed Member From Class: ClassName=MyBus Member=U1
Removed Member From Class: ClassName=MyBus Member=U2
Removed Member From Class: ClassName=MyBus Member=U3
Removed Member From Class: ClassName=MyBus Member=U4
Removed Member From Class: ClassName=MyBus Member=U5
Removed Member From Class: ClassName=MyBus Member=U6
Removed Member From Class: ClassName=MyBus Member=U7
Removed Member From Class: ClassName=MyBus Member=U8
Removed Member From Class: ClassName=MyBus Member=U9
Removed Member From Class: ClassName=MyBus Member=U10
Added Component: Designator=P1(2X8_SMD_PH_2.54)
Add component. Clean all parameters for all variants
Add component (AddParameter): Name = "Farnell"; Value = "2356242"; VariantName = "[No Variations]"
Add component (AddParameter): Name = "Value"; Value = "2x8 Pin Header, 2.54mm, SMD"; VariantName = "[No Variations]"
Added Component: Designator=P2(2X8_SMD_PH_2.54)
Add component. Clean all parameters for all variants
Add component (AddParameter): Name = "Farnell"; Value = "2356242"; VariantName = "[No Variations]"
Add component (AddParameter): Name = "Value"; Value = "2x8 Pin Header, 2.54mm, SMD"; VariantName = "[No Variations]"
Added Component: Designator=P3(2X8_SMD_PH_2.54)
Add component. Clean all parameters for all variants
Add component (AddParameter): Name = "Farnell"; Value = "2356242"; VariantName = "[No Variations]"
Add component (AddParameter): Name = "Value"; Value = "2x8 Pin Header, 2.54mm, SMD"; VariantName = "[No Variations]"
Added Component: Designator=P4(2X8_SMD_PH_2.54)
Add component. Clean all parameters for all variants
Add component (AddParameter): Name = "Farnell"; Value = "2356242"; VariantName = "[No Variations]"
Add component (AddParameter): Name = "Value"; Value = "2x8 Pin Header, 2.54mm, SMD"; VariantName = "[No Variations]"
Added Component: Designator=P5(2X8_SMD_PH_2.54)
Add component. Clean all parameters for all variants
Add component (AddParameter): Name = "Farnell"; Value = "2356242"; VariantName = "[No Variations]"
Add component (AddParameter): Name = "Value"; Value = "2x8 Pin Header, 2.54mm, SMD"; VariantName = "[No Variations]"
Added Component: Designator=P6(2X8_SMD_PH_2.54)
Add component. Clean all parameters for all variants
Add component (AddParameter): Name = "Farnell"; Value = "2356242"; VariantName = "[No Variations]"
Add component (AddParameter): Name = "Value"; Value = "2x8 Pin Header, 2.54mm, SMD"; VariantName = "[No Variations]"
Added Component: Designator=P7(2X8_SMD_PH_2.54)
Add component. Clean all parameters for all variants
Add component (AddParameter): Name = "Farnell"; Value = "2356242"; VariantName = "[No Variations]"
Add component (AddParameter): Name = "Value"; Value = "2x8 Pin Header, 2.54mm, SMD"; VariantName = "[No Variations]"
Added Component: Designator=P8(2X8_SMD_PH_2.54)
Add component. Clean all parameters for all variants
Add component (AddParameter): Name = "Farnell"; Value = "2356242"; VariantName = "[No Variations]"
Add component (AddParameter): Name = "Value"; Value = "2x8 Pin Header, 2.54mm, SMD"; VariantName = "[No Variations]"
Added Component: Designator=P9(2X8_SMD_PH_2.54)
Add component. Clean all parameters for all variants
Add component (AddParameter): Name = "Farnell"; Value = "2356242"; VariantName = "[No Variations]"
Add component (AddParameter): Name = "Value"; Value = "2x8 Pin Header, 2.54mm, SMD"; VariantName = "[No Variations]"
Added Component: Designator=P10(2X8_SMD_PH_2.54)
Add component. Clean all parameters for all variants
Add component (AddParameter): Name = "Farnell"; Value = "2356242"; VariantName = "[No Variations]"
Add component (AddParameter): Name = "Value"; Value = "2x8 Pin Header, 2.54mm, SMD"; VariantName = "[No Variations]"
Added Component: Designator=P11(2X8_SMD_PH_2.54)
Add component. Clean all parameters for all variants
Add component (AddParameter): Name = "Farnell"; Value = "2356242"; VariantName = "[No Variations]"
Add component (AddParameter): Name = "Value"; Value = "2x8 Pin Header, 2.54mm, SMD"; VariantName = "[No Variations]"
Added Component: Designator=P12(2X8_SMD_PH_2.54)
Add component. Clean all parameters for all variants
Add component (AddParameter): Name = "Farnell"; Value = "2356242"; VariantName = "[No Variations]"
Add component (AddParameter): Name = "Value"; Value = "2x8 Pin Header, 2.54mm, SMD"; VariantName = "[No Variations]"
Added Component: Designator=P13(2X8_SMD_PH_2.54)
Add component. Clean all parameters for all variants
Add component (AddParameter): Name = "Farnell"; Value = "2356242"; VariantName = "[No Variations]"
Add component (AddParameter): Name = "Value"; Value = "2x8 Pin Header, 2.54mm, SMD"; VariantName = "[No Variations]"
Added Component: Designator=P14(2X8_SMD_PH_2.54)
Add component. Clean all parameters for all variants
Add component (AddParameter): Name = "Farnell"; Value = "2356242"; VariantName = "[No Variations]"
Add component (AddParameter): Name = "Value"; Value = "2x8 Pin Header, 2.54mm, SMD"; VariantName = "[No Variations]"
Added Component: Designator=P15(2X8_SMD_PH_2.54)
Add component. Clean all parameters for all variants
Add component (AddParameter): Name = "Farnell"; Value = "2356242"; VariantName = "[No Variations]"
Add component (AddParameter): Name = "Value"; Value = "2x8 Pin Header, 2.54mm, SMD"; VariantName = "[No Variations]"
Added Component: Designator=P16(2X8_SMD_PH_2.54)
Add component. Clean all parameters for all variants
Add component (AddParameter): Name = "Farnell"; Value = "2356242"; VariantName = "[No Variations]"
Add component (AddParameter): Name = "Value"; Value = "2x8 Pin Header, 2.54mm, SMD"; VariantName = "[No Variations]"
Added Component: Designator=P17(2X8_SMD_PH_2.54)
Add component. Clean all parameters for all variants
Add component (AddParameter): Name = "Farnell"; Value = "2356242"; VariantName = "[No Variations]"
Add component (AddParameter): Name = "Value"; Value = "2x8 Pin Header, 2.54mm, SMD"; VariantName = "[No Variations]"
Added Component: Designator=P18(2X8_SMD_PH_2.54)
Add component. Clean all parameters for all variants
Add component (AddParameter): Name = "Farnell"; Value = "2356242"; VariantName = "[No Variations]"
Add component (AddParameter): Name = "Value"; Value = "2x8 Pin Header, 2.54mm, SMD"; VariantName = "[No Variations]"
Added Component: Designator=P19(2X8_SMD_PH_2.54)
Add component. Clean all parameters for all variants
Add component (AddParameter): Name = "Farnell"; Value = "2356242"; VariantName = "[No Variations]"
Add component (AddParameter): Name = "Value"; Value = "2x8 Pin Header, 2.54mm, SMD"; VariantName = "[No Variations]"
Added Component: Designator=P20(2X8_SMD_PH_2.54)
Add component. Clean all parameters for all variants
Add component (AddParameter): Name = "Farnell"; Value = "2356242"; VariantName = "[No Variations]"
Add component (AddParameter): Name = "Value"; Value = "2x8 Pin Header, 2.54mm, SMD"; VariantName = "[No Variations]"
Added Component: Designator=P21(2X8_SMD_PH_2.54)
Add component. Clean all parameters for all variants
Add component (AddParameter): Name = "Farnell"; Value = "2356242"; VariantName = "[No Variations]"
Add component (AddParameter): Name = "Value"; Value = "2x8 Pin Header, 2.54mm, SMD"; VariantName = "[No Variations]"
Added Component: Designator=P22(2X8_SMD_PH_2.54)
Add component. Clean all parameters for all variants
Add component (AddParameter): Name = "Farnell"; Value = "2356242"; VariantName = "[No Variations]"
Add component (AddParameter): Name = "Value"; Value = "2x8 Pin Header, 2.54mm, SMD"; VariantName = "[No Variations]"
Added Component: Designator=P23(2X8_SMD_PH_2.54)
Add component. Clean all parameters for all variants
Add component (AddParameter): Name = "Farnell"; Value = "2356242"; VariantName = "[No Variations]"
Add component (AddParameter): Name = "Value"; Value = "2x8 Pin Header, 2.54mm, SMD"; VariantName = "[No Variations]"
Added Component: Designator=P24(2X8_SMD_PH_2.54)
Add component. Clean all parameters for all variants
Add component (AddParameter): Name = "Farnell"; Value = "2356242"; VariantName = "[No Variations]"
Add component (AddParameter): Name = "Value"; Value = "2x8 Pin Header, 2.54mm, SMD"; VariantName = "[No Variations]"
Added Pin To Net: NetName=Bus1Pin1 Pin=P1-1
Added Pin To Net: NetName=Bus1Pin2 Pin=P1-2
Added Pin To Net: NetName=Bus1Pin3 Pin=P1-3
Added Pin To Net: NetName=Bus1Pin4 Pin=P1-4
Added Pin To Net: NetName=Bus1Pin5 Pin=P1-5
Added Pin To Net: NetName=Bus1Pin6 Pin=P1-6
Added Pin To Net: NetName=Bus1Pin7 Pin=P1-7
Added Pin To Net: NetName=Bus1Pin8 Pin=P1-8
Added Pin To Net: NetName=Bus1Pin8 Pin=P1-9
Added Pin To Net: NetName=Bus1Pin7 Pin=P1-10
Added Pin To Net: NetName=Bus1Pin6 Pin=P1-11
Added Pin To Net: NetName=Bus1Pin5 Pin=P1-12
Added Pin To Net: NetName=Bus1Pin4 Pin=P1-13
Added Pin To Net: NetName=Bus1Pin3 Pin=P1-14
Added Pin To Net: NetName=Bus1Pin2 Pin=P1-15
Added Pin To Net: NetName=Bus1Pin1 Pin=P1-16
Added Pin To Net: NetName=Bus1Pin1 Pin=P2-1
Added Pin To Net: NetName=Bus1Pin2 Pin=P2-2
Added Pin To Net: NetName=Bus1Pin3 Pin=P2-3
Added Pin To Net: NetName=Bus1Pin4 Pin=P2-4
Added Pin To Net: NetName=Bus1Pin5 Pin=P2-5
Added Pin To Net: NetName=Bus1Pin6 Pin=P2-6
Added Pin To Net: NetName=Bus1Pin7 Pin=P2-7
Added Pin To Net: NetName=Bus1Pin8 Pin=P2-8
Added Pin To Net: NetName=Bus1Pin8 Pin=P2-9
Added Pin To Net: NetName=Bus1Pin7 Pin=P2-10
Added Pin To Net: NetName=Bus1Pin6 Pin=P2-11
Added Pin To Net: NetName=Bus1Pin5 Pin=P2-12
Added Pin To Net: NetName=Bus1Pin4 Pin=P2-13
Added Pin To Net: NetName=Bus1Pin3 Pin=P2-14
Added Pin To Net: NetName=Bus1Pin2 Pin=P2-15
Added Pin To Net: NetName=Bus1Pin1 Pin=P2-16
Added Pin To Net: NetName=Bus1Pin1 Pin=P3-1
Added Pin To Net: NetName=Bus1Pin2 Pin=P3-2
Added Pin To Net: NetName=Bus1Pin3 Pin=P3-3
Added Pin To Net: NetName=Bus1Pin4 Pin=P3-4
Added Pin To Net: NetName=Bus1Pin5 Pin=P3-5
Added Pin To Net: NetName=Bus1Pin6 Pin=P3-6
Added Pin To Net: NetName=Bus1Pin7 Pin=P3-7
Added Pin To Net: NetName=Bus1Pin8 Pin=P3-8
Added Pin To Net: NetName=Bus1Pin8 Pin=P3-9
Added Pin To Net: NetName=Bus1Pin7 Pin=P3-10
Added Pin To Net: NetName=Bus1Pin6 Pin=P3-11
Added Pin To Net: NetName=Bus1Pin5 Pin=P3-12
Added Pin To Net: NetName=Bus1Pin4 Pin=P3-13
Added Pin To Net: NetName=Bus1Pin3 Pin=P3-14
Added Pin To Net: NetName=Bus1Pin2 Pin=P3-15
Added Pin To Net: NetName=Bus1Pin1 Pin=P3-16
Added Pin To Net: NetName=Bus1Pin1 Pin=P4-1
Added Pin To Net: NetName=Bus1Pin2 Pin=P4-2
Added Pin To Net: NetName=Bus1Pin3 Pin=P4-3
Added Pin To Net: NetName=Bus1Pin4 Pin=P4-4
Added Pin To Net: NetName=Bus1Pin5 Pin=P4-5
Added Pin To Net: NetName=Bus1Pin6 Pin=P4-6
Added Pin To Net: NetName=Bus1Pin7 Pin=P4-7
Added Pin To Net: NetName=Bus1Pin8 Pin=P4-8
Added Pin To Net: NetName=Bus1Pin8 Pin=P4-9
Added Pin To Net: NetName=Bus1Pin7 Pin=P4-10
Added Pin To Net: NetName=Bus1Pin6 Pin=P4-11
Added Pin To Net: NetName=Bus1Pin5 Pin=P4-12
Added Pin To Net: NetName=Bus1Pin4 Pin=P4-13
Added Pin To Net: NetName=Bus1Pin3 Pin=P4-14
Added Pin To Net: NetName=Bus1Pin2 Pin=P4-15
Added Pin To Net: NetName=Bus1Pin1 Pin=P4-16
Added Pin To Net: NetName=Bus1Pin1 Pin=P5-1
Added Pin To Net: NetName=Bus1Pin2 Pin=P5-2
Added Pin To Net: NetName=Bus1Pin3 Pin=P5-3
Added Pin To Net: NetName=Bus1Pin4 Pin=P5-4
Added Pin To Net: NetName=Bus1Pin5 Pin=P5-5
Added Pin To Net: NetName=Bus1Pin6 Pin=P5-6
Added Pin To Net: NetName=Bus1Pin7 Pin=P5-7
Added Pin To Net: NetName=Bus1Pin8 Pin=P5-8
Added Pin To Net: NetName=Bus1Pin8 Pin=P5-9
Added Pin To Net: NetName=Bus1Pin7 Pin=P5-10
Added Pin To Net: NetName=Bus1Pin6 Pin=P5-11
Added Pin To Net: NetName=Bus1Pin5 Pin=P5-12
Added Pin To Net: NetName=Bus1Pin4 Pin=P5-13
Added Pin To Net: NetName=Bus1Pin3 Pin=P5-14
Added Pin To Net: NetName=Bus1Pin2 Pin=P5-15
Added Pin To Net: NetName=Bus1Pin1 Pin=P5-16
Added Pin To Net: NetName=Bus1Pin1 Pin=P6-1
Added Pin To Net: NetName=Bus1Pin2 Pin=P6-2
Added Pin To Net: NetName=Bus1Pin3 Pin=P6-3
Added Pin To Net: NetName=Bus1Pin4 Pin=P6-4
Added Pin To Net: NetName=Bus1Pin5 Pin=P6-5
Added Pin To Net: NetName=Bus1Pin6 Pin=P6-6
Added Pin To Net: NetName=Bus1Pin7 Pin=P6-7
Added Pin To Net: NetName=Bus1Pin8 Pin=P6-8
Added Pin To Net: NetName=Bus1Pin8 Pin=P6-9
Added Pin To Net: NetName=Bus1Pin7 Pin=P6-10
Added Pin To Net: NetName=Bus1Pin6 Pin=P6-11
Added Pin To Net: NetName=Bus1Pin5 Pin=P6-12
Added Pin To Net: NetName=Bus1Pin4 Pin=P6-13
Added Pin To Net: NetName=Bus1Pin3 Pin=P6-14
Added Pin To Net: NetName=Bus1Pin2 Pin=P6-15
Added Pin To Net: NetName=Bus1Pin1 Pin=P6-16
Added Pin To Net: NetName=Bus1Pin1 Pin=P7-1
Added Pin To Net: NetName=Bus1Pin2 Pin=P7-2
Added Pin To Net: NetName=Bus1Pin3 Pin=P7-3
Added Pin To Net: NetName=Bus1Pin4 Pin=P7-4
Added Pin To Net: NetName=Bus1Pin5 Pin=P7-5
Added Pin To Net: NetName=Bus1Pin6 Pin=P7-6
Added Pin To Net: NetName=Bus1Pin7 Pin=P7-7
Added Pin To Net: NetName=Bus1Pin8 Pin=P7-8
Added Pin To Net: NetName=Bus1Pin8 Pin=P7-9
Added Pin To Net: NetName=Bus1Pin7 Pin=P7-10
Added Pin To Net: NetName=Bus1Pin6 Pin=P7-11
Added Pin To Net: NetName=Bus1Pin5 Pin=P7-12
Added Pin To Net: NetName=Bus1Pin4 Pin=P7-13
Added Pin To Net: NetName=Bus1Pin3 Pin=P7-14
Added Pin To Net: NetName=Bus1Pin2 Pin=P7-15
Added Pin To Net: NetName=Bus1Pin1 Pin=P7-16
Added Pin To Net: NetName=Bus1Pin1 Pin=P8-1
Added Pin To Net: NetName=Bus1Pin2 Pin=P8-2
Added Pin To Net: NetName=Bus1Pin3 Pin=P8-3
Added Pin To Net: NetName=Bus1Pin4 Pin=P8-4
Added Pin To Net: NetName=Bus1Pin5 Pin=P8-5
Added Pin To Net: NetName=Bus1Pin6 Pin=P8-6
Added Pin To Net: NetName=Bus1Pin7 Pin=P8-7
Added Pin To Net: NetName=Bus1Pin8 Pin=P8-8
Added Pin To Net: NetName=Bus1Pin8 Pin=P8-9
Added Pin To Net: NetName=Bus1Pin7 Pin=P8-10
Added Pin To Net: NetName=Bus1Pin6 Pin=P8-11
Added Pin To Net: NetName=Bus1Pin5 Pin=P8-12
Added Pin To Net: NetName=Bus1Pin4 Pin=P8-13
Added Pin To Net: NetName=Bus1Pin3 Pin=P8-14
Added Pin To Net: NetName=Bus1Pin2 Pin=P8-15
Added Pin To Net: NetName=Bus1Pin1 Pin=P8-16
Added Pin To Net: NetName=Bus1Pin1 Pin=P9-1
Added Pin To Net: NetName=Bus1Pin2 Pin=P9-2
Added Pin To Net: NetName=Bus1Pin3 Pin=P9-3
Added Pin To Net: NetName=Bus1Pin4 Pin=P9-4
Added Pin To Net: NetName=Bus1Pin5 Pin=P9-5
Added Pin To Net: NetName=Bus1Pin6 Pin=P9-6
Added Pin To Net: NetName=Bus1Pin7 Pin=P9-7
Added Pin To Net: NetName=Bus1Pin8 Pin=P9-8
Added Pin To Net: NetName=Bus1Pin8 Pin=P9-9
Added Pin To Net: NetName=Bus1Pin7 Pin=P9-10
Added Pin To Net: NetName=Bus1Pin6 Pin=P9-11
Added Pin To Net: NetName=Bus1Pin5 Pin=P9-12
Added Pin To Net: NetName=Bus1Pin4 Pin=P9-13
Added Pin To Net: NetName=Bus1Pin3 Pin=P9-14
Added Pin To Net: NetName=Bus1Pin2 Pin=P9-15
Added Pin To Net: NetName=Bus1Pin1 Pin=P9-16
Added Pin To Net: NetName=Bus1Pin1 Pin=P10-1
Added Pin To Net: NetName=Bus1Pin2 Pin=P10-2
Added Pin To Net: NetName=Bus1Pin3 Pin=P10-3
Added Pin To Net: NetName=Bus1Pin4 Pin=P10-4
Added Pin To Net: NetName=Bus1Pin5 Pin=P10-5
Added Pin To Net: NetName=Bus1Pin6 Pin=P10-6
Added Pin To Net: NetName=Bus1Pin7 Pin=P10-7
Added Pin To Net: NetName=Bus1Pin8 Pin=P10-8
Added Pin To Net: NetName=Bus1Pin8 Pin=P10-9
Added Pin To Net: NetName=Bus1Pin7 Pin=P10-10
Added Pin To Net: NetName=Bus1Pin6 Pin=P10-11
Added Pin To Net: NetName=Bus1Pin5 Pin=P10-12
Added Pin To Net: NetName=Bus1Pin4 Pin=P10-13
Added Pin To Net: NetName=Bus1Pin3 Pin=P10-14
Added Pin To Net: NetName=Bus1Pin2 Pin=P10-15
Added Pin To Net: NetName=Bus1Pin1 Pin=P10-16
Added Pin To Net: NetName=Bus1Pin1 Pin=P11-1
Added Pin To Net: NetName=Bus1Pin2 Pin=P11-2
Added Pin To Net: NetName=Bus1Pin3 Pin=P11-3
Added Pin To Net: NetName=Bus1Pin4 Pin=P11-4
Added Pin To Net: NetName=Bus1Pin5 Pin=P11-5
Added Pin To Net: NetName=Bus1Pin6 Pin=P11-6
Added Pin To Net: NetName=Bus1Pin7 Pin=P11-7
Added Pin To Net: NetName=Bus1Pin8 Pin=P11-8
Added Pin To Net: NetName=Bus1Pin8 Pin=P11-9
Added Pin To Net: NetName=Bus1Pin7 Pin=P11-10
Added Pin To Net: NetName=Bus1Pin6 Pin=P11-11
Added Pin To Net: NetName=Bus1Pin5 Pin=P11-12
Added Pin To Net: NetName=Bus1Pin4 Pin=P11-13
Added Pin To Net: NetName=Bus1Pin3 Pin=P11-14
Added Pin To Net: NetName=Bus1Pin2 Pin=P11-15
Added Pin To Net: NetName=Bus1Pin1 Pin=P11-16
Added Pin To Net: NetName=Bus1Pin1 Pin=P12-1
Added Pin To Net: NetName=Bus1Pin2 Pin=P12-2
Added Pin To Net: NetName=Bus1Pin3 Pin=P12-3
Added Pin To Net: NetName=Bus1Pin4 Pin=P12-4
Added Pin To Net: NetName=Bus1Pin5 Pin=P12-5
Added Pin To Net: NetName=Bus1Pin6 Pin=P12-6
Added Pin To Net: NetName=Bus1Pin7 Pin=P12-7
Added Pin To Net: NetName=Bus1Pin8 Pin=P12-8
Added Pin To Net: NetName=Bus1Pin8 Pin=P12-9
Added Pin To Net: NetName=Bus1Pin7 Pin=P12-10
Added Pin To Net: NetName=Bus1Pin6 Pin=P12-11
Added Pin To Net: NetName=Bus1Pin5 Pin=P12-12
Added Pin To Net: NetName=Bus1Pin4 Pin=P12-13
Added Pin To Net: NetName=Bus1Pin3 Pin=P12-14
Added Pin To Net: NetName=Bus1Pin2 Pin=P12-15
Added Pin To Net: NetName=Bus1Pin1 Pin=P12-16
Added Pin To Net: NetName=Bus1Pin1 Pin=P13-1
Added Pin To Net: NetName=Bus1Pin2 Pin=P13-2
Added Pin To Net: NetName=Bus1Pin3 Pin=P13-3
Added Pin To Net: NetName=Bus1Pin4 Pin=P13-4
Added Pin To Net: NetName=Bus1Pin5 Pin=P13-5
Added Pin To Net: NetName=Bus1Pin6 Pin=P13-6
Added Pin To Net: NetName=Bus1Pin7 Pin=P13-7
Added Pin To Net: NetName=Bus1Pin8 Pin=P13-8
Added Pin To Net: NetName=Bus1Pin8 Pin=P13-9
Added Pin To Net: NetName=Bus1Pin7 Pin=P13-10
Added Pin To Net: NetName=Bus1Pin6 Pin=P13-11
Added Pin To Net: NetName=Bus1Pin5 Pin=P13-12
Added Pin To Net: NetName=Bus1Pin4 Pin=P13-13
Added Pin To Net: NetName=Bus1Pin3 Pin=P13-14
Added Pin To Net: NetName=Bus1Pin2 Pin=P13-15
Added Pin To Net: NetName=Bus1Pin1 Pin=P13-16
Added Pin To Net: NetName=Bus1Pin1 Pin=P14-1
Added Pin To Net: NetName=Bus1Pin2 Pin=P14-2
Added Pin To Net: NetName=Bus1Pin3 Pin=P14-3
Added Pin To Net: NetName=Bus1Pin4 Pin=P14-4
Added Pin To Net: NetName=Bus1Pin5 Pin=P14-5
Added Pin To Net: NetName=Bus1Pin6 Pin=P14-6
Added Pin To Net: NetName=Bus1Pin7 Pin=P14-7
Added Pin To Net: NetName=Bus1Pin8 Pin=P14-8
Added Pin To Net: NetName=Bus1Pin8 Pin=P14-9
Added Pin To Net: NetName=Bus1Pin7 Pin=P14-10
Added Pin To Net: NetName=Bus1Pin6 Pin=P14-11
Added Pin To Net: NetName=Bus1Pin5 Pin=P14-12
Added Pin To Net: NetName=Bus1Pin4 Pin=P14-13
Added Pin To Net: NetName=Bus1Pin3 Pin=P14-14
Added Pin To Net: NetName=Bus1Pin2 Pin=P14-15
Added Pin To Net: NetName=Bus1Pin1 Pin=P14-16
Added Pin To Net: NetName=Bus1Pin1 Pin=P15-1
Added Pin To Net: NetName=Bus1Pin2 Pin=P15-2
Added Pin To Net: NetName=Bus1Pin3 Pin=P15-3
Added Pin To Net: NetName=Bus1Pin4 Pin=P15-4
Added Pin To Net: NetName=Bus1Pin5 Pin=P15-5
Added Pin To Net: NetName=Bus1Pin6 Pin=P15-6
Added Pin To Net: NetName=Bus1Pin7 Pin=P15-7
Added Pin To Net: NetName=Bus1Pin8 Pin=P15-8
Added Pin To Net: NetName=Bus1Pin8 Pin=P15-9
Added Pin To Net: NetName=Bus1Pin7 Pin=P15-10
Added Pin To Net: NetName=Bus1Pin6 Pin=P15-11
Added Pin To Net: NetName=Bus1Pin5 Pin=P15-12
Added Pin To Net: NetName=Bus1Pin4 Pin=P15-13
Added Pin To Net: NetName=Bus1Pin3 Pin=P15-14
Added Pin To Net: NetName=Bus1Pin2 Pin=P15-15
Added Pin To Net: NetName=Bus1Pin1 Pin=P15-16
Added Pin To Net: NetName=Bus1Pin1 Pin=P16-1
Added Pin To Net: NetName=Bus1Pin2 Pin=P16-2
Added Pin To Net: NetName=Bus1Pin3 Pin=P16-3
Added Pin To Net: NetName=Bus1Pin4 Pin=P16-4
Added Pin To Net: NetName=Bus1Pin5 Pin=P16-5
Added Pin To Net: NetName=Bus1Pin6 Pin=P16-6
Added Pin To Net: NetName=Bus1Pin7 Pin=P16-7
Added Pin To Net: NetName=Bus1Pin8 Pin=P16-8
Added Pin To Net: NetName=Bus1Pin8 Pin=P16-9
Added Pin To Net: NetName=Bus1Pin7 Pin=P16-10
Added Pin To Net: NetName=Bus1Pin6 Pin=P16-11
Added Pin To Net: NetName=Bus1Pin5 Pin=P16-12
Added Pin To Net: NetName=Bus1Pin4 Pin=P16-13
Added Pin To Net: NetName=Bus1Pin3 Pin=P16-14
Added Pin To Net: NetName=Bus1Pin2 Pin=P16-15
Added Pin To Net: NetName=Bus1Pin1 Pin=P16-16
Added Pin To Net: NetName=Bus1Pin1 Pin=P17-1
Added Pin To Net: NetName=Bus1Pin2 Pin=P17-2
Added Pin To Net: NetName=Bus1Pin3 Pin=P17-3
Added Pin To Net: NetName=Bus1Pin4 Pin=P17-4
Added Pin To Net: NetName=Bus1Pin5 Pin=P17-5
Added Pin To Net: NetName=Bus1Pin6 Pin=P17-6
Added Pin To Net: NetName=Bus1Pin7 Pin=P17-7
Added Pin To Net: NetName=Bus1Pin8 Pin=P17-8
Added Pin To Net: NetName=Bus1Pin8 Pin=P17-9
Added Pin To Net: NetName=Bus1Pin7 Pin=P17-10
Added Pin To Net: NetName=Bus1Pin6 Pin=P17-11
Added Pin To Net: NetName=Bus1Pin5 Pin=P17-12
Added Pin To Net: NetName=Bus1Pin4 Pin=P17-13
Added Pin To Net: NetName=Bus1Pin3 Pin=P17-14
Added Pin To Net: NetName=Bus1Pin2 Pin=P17-15
Added Pin To Net: NetName=Bus1Pin1 Pin=P17-16
Added Pin To Net: NetName=Bus1Pin1 Pin=P18-1
Added Pin To Net: NetName=Bus1Pin2 Pin=P18-2
Added Pin To Net: NetName=Bus1Pin3 Pin=P18-3
Added Pin To Net: NetName=Bus1Pin4 Pin=P18-4
Added Pin To Net: NetName=Bus1Pin5 Pin=P18-5
Added Pin To Net: NetName=Bus1Pin6 Pin=P18-6
Added Pin To Net: NetName=Bus1Pin7 Pin=P18-7
Added Pin To Net: NetName=Bus1Pin8 Pin=P18-8
Added Pin To Net: NetName=Bus1Pin8 Pin=P18-9
Added Pin To Net: NetName=Bus1Pin7 Pin=P18-10
Added Pin To Net: NetName=Bus1Pin6 Pin=P18-11
Added Pin To Net: NetName=Bus1Pin5 Pin=P18-12
Added Pin To Net: NetName=Bus1Pin4 Pin=P18-13
Added Pin To Net: NetName=Bus1Pin3 Pin=P18-14
Added Pin To Net: NetName=Bus1Pin2 Pin=P18-15
Added Pin To Net: NetName=Bus1Pin1 Pin=P18-16
Added Pin To Net: NetName=Bus1Pin1 Pin=P19-1
Added Pin To Net: NetName=Bus1Pin2 Pin=P19-2
Added Pin To Net: NetName=Bus1Pin3 Pin=P19-3
Added Pin To Net: NetName=Bus1Pin4 Pin=P19-4
Added Pin To Net: NetName=Bus1Pin5 Pin=P19-5
Added Pin To Net: NetName=Bus1Pin6 Pin=P19-6
Added Pin To Net: NetName=Bus1Pin7 Pin=P19-7
Added Pin To Net: NetName=Bus1Pin8 Pin=P19-8
Added Pin To Net: NetName=Bus1Pin8 Pin=P19-9
Added Pin To Net: NetName=Bus1Pin7 Pin=P19-10
Added Pin To Net: NetName=Bus1Pin6 Pin=P19-11
Added Pin To Net: NetName=Bus1Pin5 Pin=P19-12
Added Pin To Net: NetName=Bus1Pin4 Pin=P19-13
Added Pin To Net: NetName=Bus1Pin3 Pin=P19-14
Added Pin To Net: NetName=Bus1Pin2 Pin=P19-15
Added Pin To Net: NetName=Bus1Pin1 Pin=P19-16
Added Pin To Net: NetName=Bus1Pin1 Pin=P20-1
Added Pin To Net: NetName=Bus1Pin2 Pin=P20-2
Added Pin To Net: NetName=Bus1Pin3 Pin=P20-3
Added Pin To Net: NetName=Bus1Pin4 Pin=P20-4
Added Pin To Net: NetName=Bus1Pin5 Pin=P20-5
Added Pin To Net: NetName=Bus1Pin6 Pin=P20-6
Added Pin To Net: NetName=Bus1Pin7 Pin=P20-7
Added Pin To Net: NetName=Bus1Pin8 Pin=P20-8
Added Pin To Net: NetName=Bus1Pin8 Pin=P20-9
Added Pin To Net: NetName=Bus1Pin7 Pin=P20-10
Added Pin To Net: NetName=Bus1Pin6 Pin=P20-11
Added Pin To Net: NetName=Bus1Pin5 Pin=P20-12
Added Pin To Net: NetName=Bus1Pin4 Pin=P20-13
Added Pin To Net: NetName=Bus1Pin3 Pin=P20-14
Added Pin To Net: NetName=Bus1Pin2 Pin=P20-15
Added Pin To Net: NetName=Bus1Pin1 Pin=P20-16
Added Pin To Net: NetName=Bus1Pin1 Pin=P21-1
Added Pin To Net: NetName=Bus1Pin2 Pin=P21-2
Added Pin To Net: NetName=Bus1Pin3 Pin=P21-3
Added Pin To Net: NetName=Bus1Pin4 Pin=P21-4
Added Pin To Net: NetName=Bus1Pin5 Pin=P21-5
Added Pin To Net: NetName=Bus1Pin6 Pin=P21-6
Added Pin To Net: NetName=Bus1Pin7 Pin=P21-7
Added Pin To Net: NetName=Bus1Pin8 Pin=P21-8
Added Pin To Net: NetName=Bus1Pin8 Pin=P21-9
Added Pin To Net: NetName=Bus1Pin7 Pin=P21-10
Added Pin To Net: NetName=Bus1Pin6 Pin=P21-11
Added Pin To Net: NetName=Bus1Pin5 Pin=P21-12
Added Pin To Net: NetName=Bus1Pin4 Pin=P21-13
Added Pin To Net: NetName=Bus1Pin3 Pin=P21-14
Added Pin To Net: NetName=Bus1Pin2 Pin=P21-15
Added Pin To Net: NetName=Bus1Pin1 Pin=P21-16
Added Pin To Net: NetName=Bus1Pin1 Pin=P22-1
Added Pin To Net: NetName=Bus1Pin2 Pin=P22-2
Added Pin To Net: NetName=Bus1Pin3 Pin=P22-3
Added Pin To Net: NetName=Bus1Pin4 Pin=P22-4
Added Pin To Net: NetName=Bus1Pin5 Pin=P22-5
Added Pin To Net: NetName=Bus1Pin6 Pin=P22-6
Added Pin To Net: NetName=Bus1Pin7 Pin=P22-7
Added Pin To Net: NetName=Bus1Pin8 Pin=P22-8
Added Pin To Net: NetName=Bus1Pin8 Pin=P22-9
Added Pin To Net: NetName=Bus1Pin7 Pin=P22-10
Added Pin To Net: NetName=Bus1Pin6 Pin=P22-11
Added Pin To Net: NetName=Bus1Pin5 Pin=P22-12
Added Pin To Net: NetName=Bus1Pin4 Pin=P22-13
Added Pin To Net: NetName=Bus1Pin3 Pin=P22-14
Added Pin To Net: NetName=Bus1Pin2 Pin=P22-15
Added Pin To Net: NetName=Bus1Pin1 Pin=P22-16
Added Pin To Net: NetName=Bus1Pin1 Pin=P23-1
Added Pin To Net: NetName=Bus1Pin2 Pin=P23-2
Added Pin To Net: NetName=Bus1Pin3 Pin=P23-3
Added Pin To Net: NetName=Bus1Pin4 Pin=P23-4
Added Pin To Net: NetName=Bus1Pin5 Pin=P23-5
Added Pin To Net: NetName=Bus1Pin6 Pin=P23-6
Added Pin To Net: NetName=Bus1Pin7 Pin=P23-7
Added Pin To Net: NetName=Bus1Pin8 Pin=P23-8
Added Pin To Net: NetName=Bus1Pin8 Pin=P23-9
Added Pin To Net: NetName=Bus1Pin7 Pin=P23-10
Added Pin To Net: NetName=Bus1Pin6 Pin=P23-11
Added Pin To Net: NetName=Bus1Pin5 Pin=P23-12
Added Pin To Net: NetName=Bus1Pin4 Pin=P23-13
Added Pin To Net: NetName=Bus1Pin3 Pin=P23-14
Added Pin To Net: NetName=Bus1Pin2 Pin=P23-15
Added Pin To Net: NetName=Bus1Pin1 Pin=P23-16
Added Pin To Net: NetName=Bus1Pin1 Pin=P24-1
Added Pin To Net: NetName=Bus1Pin2 Pin=P24-2
Added Pin To Net: NetName=Bus1Pin3 Pin=P24-3
Added Pin To Net: NetName=Bus1Pin4 Pin=P24-4
Added Pin To Net: NetName=Bus1Pin5 Pin=P24-5
Added Pin To Net: NetName=Bus1Pin6 Pin=P24-6
Added Pin To Net: NetName=Bus1Pin7 Pin=P24-7
Added Pin To Net: NetName=Bus1Pin8 Pin=P24-8
Added Pin To Net: NetName=Bus1Pin8 Pin=P24-9
Added Pin To Net: NetName=Bus1Pin7 Pin=P24-10
Added Pin To Net: NetName=Bus1Pin6 Pin=P24-11
Added Pin To Net: NetName=Bus1Pin5 Pin=P24-12
Added Pin To Net: NetName=Bus1Pin4 Pin=P24-13
Added Pin To Net: NetName=Bus1Pin3 Pin=P24-14
Added Pin To Net: NetName=Bus1Pin2 Pin=P24-15
Added Pin To Net: NetName=Bus1Pin1 Pin=P24-16
Added Member To Class: ClassName=MyBus Member=Component P1 2x8 Pin Header  SMD
Added Member To Class: ClassName=MyBus Member=Component P2 2x8 Pin Header  SMD
Added Member To Class: ClassName=MyBus Member=Component P3 2x8 Pin Header  SMD
Added Member To Class: ClassName=MyBus Member=Component P4 2x8 Pin Header  SMD
Added Member To Class: ClassName=MyBus Member=Component P5 2x8 Pin Header  SMD
Added Member To Class: ClassName=MyBus Member=Component P6 2x8 Pin Header  SMD
Added Member To Class: ClassName=MyBus Member=Component P7 2x8 Pin Header  SMD
Added Member To Class: ClassName=MyBus Member=Component P8 2x8 Pin Header  SMD
Added Member To Class: ClassName=MyBus Member=Component P9 2x8 Pin Header  SMD
Added Member To Class: ClassName=MyBus Member=Component P10 2x8 Pin Header  SMD
Added Member To Class: ClassName=MyBus Member=Component P11 2x8 Pin Header  SMD
Added Member To Class: ClassName=MyBus Member=Component P12 2x8 Pin Header  SMD
Added Member To Class: ClassName=MyBus Member=Component P13 2x8 Pin Header  SMD
Added Member To Class: ClassName=MyBus Member=Component P14 2x8 Pin Header  SMD
Added Member To Class: ClassName=MyBus Member=Component P15 2x8 Pin Header  SMD
Added Member To Class: ClassName=MyBus Member=Component P16 2x8 Pin Header  SMD
Added Member To Class: ClassName=MyBus Member=Component P17 2x8 Pin Header  SMD
Added Member To Class: ClassName=MyBus Member=Component P18 2x8 Pin Header  SMD
Added Member To Class: ClassName=MyBus Member=Component P19 2x8 Pin Header  SMD
Added Member To Class: ClassName=MyBus Member=Component P20 2x8 Pin Header  SMD
Added Member To Class: ClassName=MyBus Member=Component P21 2x8 Pin Header  SMD
Added Member To Class: ClassName=MyBus Member=Component P22 2x8 Pin Header  SMD
Added Member To Class: ClassName=MyBus Member=Component P23 2x8 Pin Header  SMD
Added Member To Class: ClassName=MyBus Member=Component P24 2x8 Pin Header  SMD
Added Room: Name=MyBus
